18:27:35.582 [I] usvfs dll 0.5.6.0 initialized in process 9436
18:27:35.582 [D] remove from process 9436
18:27:35.582 [I] create config in 9436
18:27:35.582 [I] 0 processes
18:27:35.583 [I] mod_organizer_instance_1 created in process 9436
18:27:35.583 [I] attached to mod_organizer_instance_1 with 1 nodes, size 4,194,304 B
18:27:35.583 [I] inv_mod_organizer_instance_1 created in process 9436
18:27:35.583 [I] attached to inv_mod_organizer_instance_1 with 1 nodes, size 131,072 B
18:27:35.583 [D] context current shm: mod_organizer_instance (now 2 connections)
18:27:35.583 [D] clearing blacklist
18:27:35.583 [D] blacklisting 'Chrome.exe'
18:27:35.583 [D] blacklisting 'Firefox.exe'
18:27:35.583 [D] blacklisting 'TSVNCache.exe'
18:27:35.583 [D] blacklisting 'TGitCache.exe'
18:27:35.583 [D] blacklisting 'Steam.exe'
18:27:35.583 [D] blacklisting 'GameOverlayUI.exe'
18:27:35.583 [D] blacklisting 'Discord.exe'
18:27:35.583 [D] blacklisting 'GalaxyClient.exe'
18:27:35.583 [D] blacklisting 'Spotify.exe'
18:27:35.583 [D] clearing forced libraries
