21:13:55.177 [I] usvfs dll 0.5.6.0 initialized in process 20120
21:13:55.177 [D] remove from process 20120
21:13:55.177 [I] access existing config in 20120
21:13:55.178 [I] 2 processes
21:13:55.178 [I] mod_organizer_instance_3 opened in process 20120
21:13:55.187 [I] attached to mod_organizer_instance_3 with 42693 nodes, size 16,777,216 B
21:13:55.187 [I] inv_mod_organizer_instance_1 opened in process 20120
21:13:55.187 [I] attached to inv_mod_organizer_instance_1 with 513 nodes, size 131,072 B
21:13:55.187 [D] context current shm: mod_organizer_instance_3 (now 4 connections)
21:13:55.187 [D] clearing blacklist
21:13:55.188 [D] blacklisting 'Chrome.exe'
21:13:55.189 [D] blacklisting 'Firefox.exe'
21:13:55.189 [D] blacklisting 'TSVNCache.exe'
21:13:55.189 [D] blacklisting 'TGitCache.exe'
21:13:55.189 [D] blacklisting 'Steam.exe'
21:13:55.189 [D] blacklisting 'GameOverlayUI.exe'
21:13:55.189 [D] blacklisting 'Discord.exe'
21:13:55.189 [D] blacklisting 'GalaxyClient.exe'
21:13:55.189 [D] blacklisting 'Spotify.exe'
21:13:55.189 [D] clearing forced libraries
21:14:38.941 [I] ran out of memory in tree inv_mod_organizer_instance_1, will create another one
21:14:38.941 [I] creating inv_mod_organizer_instance_2
21:14:38.941 [I] inv_mod_organizer_instance_2 created, activating
21:14:38.942 [I] tree inv_mod_organizer_instance_2 size now 262,144 B
21:14:38.951 [I] ran out of memory in tree inv_mod_organizer_instance_2, will create another one
21:14:38.951 [I] creating inv_mod_organizer_instance_3
21:14:38.951 [I] inv_mod_organizer_instance_3 created, activating
21:14:38.953 [I] will destroy inv_mod_organizer_instance_2
21:14:38.953 [I] tree inv_mod_organizer_instance_3 size now 524,288 B
21:14:38.953 [I] destroying inv_mod_organizer_instance_2
21:14:39.093 [D] clearing forced libraries
21:14:39.120 [I] injecting to process 28556 with same bitness
21:14:39.120 [I] dll path: D:\Games\The Elder Scrolls V Skyrim - Anniversary Edition\MO2\usvfs_x64.dll
21:14:39.121 [I] injection to same bitness process 28556 successful
21:14:40.297 [I] usvfs dll 0.5.6.0 initialized in process 28556
21:14:40.298 [I] inithooks called mod_organizer_instance in process D:\Games\The Elder Scrolls V Skyrim - Anniversary Edition\CreationKit.exe:28556 (log level 1, dump type 1, dump path D:/Games/The Elder Scrolls V Skyrim - Special Edition/MO2/crashDumps)
21:14:40.298 [I] access existing config in 28556
21:14:40.298 [I] 2 processes
21:14:40.299 [I] mod_organizer_instance_3 opened in process 28556
21:14:40.303 [I] attached to mod_organizer_instance_3 with 24051 nodes, size 16,777,216 B
21:14:40.303 [I] inv_mod_organizer_instance_3 opened in process 28556
21:14:40.304 [I] attached to inv_mod_organizer_instance_3 with 1425 nodes, size 524,288 B
21:14:40.304 [I] Process registered in shared process list : 28556
21:14:40.304 [I] Windows version 10.0.19043 sp 0 platform 2 (19041.1.amd64fre.vb_release.191206-1406)
21:14:40.304 [I] hooked GetFileAttributesExW (0x7ff901d0d350) in C:\WINDOWS\System32\KERNELBASE.dll type overwrite
21:14:40.304 [I] hooked GetFileAttributesW (0x7ff901d0bfc0) in C:\WINDOWS\System32\KERNELBASE.dll type overwrite
21:14:40.304 [I] hooked SetFileAttributesW (0x7ff901d57880) in C:\WINDOWS\System32\KERNELBASE.dll type overwrite
21:14:40.304 [I] hooked CreateDirectoryW (0x7ff901d13170) in C:\WINDOWS\System32\KERNELBASE.dll type overwrite
21:14:40.304 [I] hooked RemoveDirectoryW (0x7ff901d57520) in C:\WINDOWS\System32\KERNELBASE.dll type overwrite
21:14:40.304 [I] hooked DeleteFileW (0x7ff901d11a70) in C:\WINDOWS\System32\KERNELBASE.dll type overwrite
21:14:40.304 [I] hooked GetCurrentDirectoryA (0x7ff901d5d070) in C:\WINDOWS\System32\KERNELBASE.dll type overwrite
21:14:40.305 [I] hooked GetCurrentDirectoryW (0x7ff901d58c30) in C:\WINDOWS\System32\KERNELBASE.dll type overwrite
21:14:40.305 [I] hooked SetCurrentDirectoryA (0x7ff901dee340) in C:\WINDOWS\System32\KERNELBASE.dll type overwrite
21:14:40.305 [I] hooked SetCurrentDirectoryW (0x7ff901d40fa0) in C:\WINDOWS\System32\KERNELBASE.dll type overwrite
21:14:40.305 [I] hooked ExitProcess (0x7ff90404d980) in C:\WINDOWS\System32\KERNELBASE.dll type overwrite
21:14:40.305 [I] hooked CreateProcessInternalW (0x7ff901ce7e90) in C:\WINDOWS\System32\KERNELBASE.dll type overwrite
21:14:40.305 [I] hooked MoveFileA (0x7ff903992990) in C:\WINDOWS\System32\KERNEL32.DLL type overwrite
21:14:40.305 [I] hooked MoveFileW (0x7ff903952890) in C:\WINDOWS\System32\KERNEL32.DLL type overwrite
21:14:40.305 [I] hooked MoveFileExA (0x7ff9039929c0) in C:\WINDOWS\System32\KERNEL32.DLL type overwrite
21:14:40.305 [I] hooked MoveFileExW (0x7ff901d2dd80) in C:\WINDOWS\System32\KERNELBASE.dll type overwrite
21:14:40.305 [I] hooked MoveFileWithProgressA (0x7ff903992ad0) in C:\WINDOWS\System32\KERNEL32.DLL type overwrite
21:14:40.305 [I] hooked MoveFileWithProgressW (0x7ff901d2dd50) in C:\WINDOWS\System32\KERNELBASE.dll type overwrite
21:14:40.305 [I] hooked CopyFileExW (0x7ff901d30af0) in C:\WINDOWS\System32\KERNELBASE.dll type overwrite
21:14:40.306 [I] hooked CopyFile2 (0x7ff901d2e5c0) in C:\WINDOWS\System32\KERNELBASE.dll type overwrite
21:14:40.306 [I] hooked GetPrivateProfileStringA (0x7ff903945260) in C:\WINDOWS\System32\KERNEL32.DLL type overwrite
21:14:40.306 [I] hooked GetPrivateProfileStringW (0x7ff903942360) in C:\WINDOWS\System32\KERNEL32.DLL type overwrite
21:14:40.306 [I] hooked GetPrivateProfileSectionA (0x7ff903953180) in C:\WINDOWS\System32\KERNEL32.DLL type overwrite
21:14:40.306 [I] hooked GetPrivateProfileSectionW (0x7ff903950cd0) in C:\WINDOWS\System32\KERNEL32.DLL type overwrite
21:14:40.306 [I] hooked WritePrivateProfileStringA (0x7ff90398fac0) in C:\WINDOWS\System32\KERNEL32.DLL type overwrite
21:14:40.306 [I] hooked WritePrivateProfileStringW (0x7ff903947af0) in C:\WINDOWS\System32\KERNEL32.DLL type overwrite
21:14:40.306 [I] hooked GetFullPathNameA (0x7ff901d4d7c0) in C:\WINDOWS\System32\KERNELBASE.dll type overwrite
21:14:40.306 [I] hooked GetFullPathNameW (0x7ff901ce77a0) in C:\WINDOWS\System32\KERNELBASE.dll type overwrite
21:14:40.306 [I] hooked FindFirstFileExW (0x7ff901d10cf0) in C:\WINDOWS\System32\KERNELBASE.dll type overwrite
21:14:40.306 [I] existing hook to 7ff903fe0e96 in unknown
21:14:40.306 [I] hooked NtQueryFullAttributesFile (0x7ff90408f5e0) in C:\WINDOWS\SYSTEM32\ntdll.dll type chained patch
21:14:40.306 [I] existing hook to 7ff903fe0fd6 in unknown
21:14:40.306 [I] hooked NtQueryAttributesFile (0x7ff90408d4d0) in C:\WINDOWS\SYSTEM32\ntdll.dll type chained patch
21:14:40.306 [I] existing hook to 7ff903fe0ed6 in unknown
21:14:40.306 [I] hooked NtQueryDirectoryFile (0x7ff90408d3d0) in C:\WINDOWS\SYSTEM32\ntdll.dll type chained patch
21:14:40.307 [I] hooked NtQueryDirectoryFileEx (0x7ff90408f560) in C:\WINDOWS\SYSTEM32\ntdll.dll type overwrite
21:14:40.307 [I] existing hook to 7ff903fe0f16 in unknown
21:14:40.307 [I] hooked NtOpenFile (0x7ff90408d390) in C:\WINDOWS\SYSTEM32\ntdll.dll type chained patch
21:14:40.307 [I] existing hook to 7ff903fe0f96 in unknown
21:14:40.307 [I] hooked NtCreateFile (0x7ff90408d7d0) in C:\WINDOWS\SYSTEM32\ntdll.dll type chained patch
21:14:40.307 [I] hooked NtClose (0x7ff90408cf10) in C:\WINDOWS\SYSTEM32\ntdll.dll type overwrite
21:14:40.307 [I] hooked NtTerminateProcess (0x7ff90408d2b0) in C:\WINDOWS\SYSTEM32\ntdll.dll type overwrite
21:14:40.307 [I] hooked LoadLibraryExW (0x7ff901d0acf0) in C:\WINDOWS\System32\KERNELBASE.dll type overwrite
21:14:40.307 [I] hooked GetModuleFileNameW (0x7ff901d431b0) in C:\WINDOWS\System32\KERNELBASE.dll type overwrite
21:14:40.307 [I] inithooks in process 28556 successful
21:14:46.039 [I] injecting to process 2980 with different bitness
21:14:46.040 [I] using usvfs proxy: D:\Games\The Elder Scrolls V Skyrim - Anniversary Edition\MO2\usvfs_proxy_x86.exe
21:14:46.292 [I] (proxy) instance: mod_organizer_instance
21:14:46.295 [I] (proxy) exe: 
21:14:46.295 [I] (proxy) pid: 2980
21:14:46.295 [I] (proxy) size: 65536
21:14:46.295 [I] (proxy) addr: 0x1160000
21:14:46.295 [I] (proxy) objs: 1
21:14:46.299 [I] (proxy) injecting to process 2980 with same bitness
21:14:46.299 [I] (proxy) dll path: D:\Games\The Elder Scrolls V Skyrim - Anniversary Edition\MO2\usvfs_x86.dll
21:14:46.302 [I] (proxy) injection to same bitness process 2980 successful
21:14:46.368 [I] usvfs dll 0.5.6.0 initialized in process 2980
21:14:46.370 [I] inithooks called mod_organizer_instance in process D:\Games\The Elder Scrolls V Skyrim - Anniversary Edition\Tools\Audio\FaceFXWrapper.exe:2980 (log level 1, dump type 1, dump path D:/Games/The Elder Scrolls V Skyrim - Special Edition/MO2/crashDumps)
21:14:46.374 [I] access existing config in 2980
21:14:46.374 [I] 3 processes
21:14:46.374 [I] mod_organizer_instance_3 opened in process 2980
21:14:46.379 [I] attached to mod_organizer_instance_3 with 24051 nodes, size 16,777,216 B
21:14:46.380 [I] inv_mod_organizer_instance_3 opened in process 2980
21:14:46.380 [I] attached to inv_mod_organizer_instance_3 with 1425 nodes, size 524,288 B
21:14:46.380 [I] Process registered in shared process list : 2980
21:14:46.381 [I] Windows version 10.0.19043 sp 0 platform 2 (19041.1.amd64fre.vb_release.191206-1406)
21:14:46.382 [I] hooked GetFileAttributesExW (0x759972c0) in C:\WINDOWS\System32\KERNELBASE.dll type overwrite
21:14:46.383 [I] hooked GetFileAttributesW (0x75983b60) in C:\WINDOWS\System32\KERNELBASE.dll type overwrite
21:14:46.383 [I] hooked SetFileAttributesW (0x7596a3d0) in C:\WINDOWS\System32\KERNELBASE.dll type overwrite
21:14:46.383 [I] hooked CreateDirectoryW (0x75984be0) in C:\WINDOWS\System32\KERNELBASE.dll type overwrite
21:14:46.383 [I] hooked RemoveDirectoryW (0x75a2d030) in C:\WINDOWS\System32\KERNELBASE.dll type overwrite
21:14:46.383 [I] hooked DeleteFileW (0x75982160) in C:\WINDOWS\System32\KERNELBASE.dll type overwrite
21:14:46.383 [I] hooked GetCurrentDirectoryA (0x7596e280) in C:\WINDOWS\System32\KERNELBASE.dll type overwrite
21:14:46.383 [I] hooked GetCurrentDirectoryW (0x7596bef0) in C:\WINDOWS\System32\KERNELBASE.dll type overwrite
21:14:46.383 [I] hooked SetCurrentDirectoryA (0x75a318d0) in C:\WINDOWS\System32\KERNELBASE.dll type overwrite
21:14:46.383 [I] hooked SetCurrentDirectoryW (0x7596c8c0) in C:\WINDOWS\System32\KERNELBASE.dll type overwrite
21:14:46.383 [I] hooked ExitProcess (0x7795d620) in C:\WINDOWS\System32\KERNELBASE.dll type overwrite
21:14:46.384 [I] hooked CreateProcessInternalW (0x7596ecc0) in C:\WINDOWS\System32\KERNELBASE.dll type overwrite
21:14:46.384 [I] hooked MoveFileA (0x7713f3e0) in C:\WINDOWS\System32\KERNEL32.DLL type overwrite
21:14:46.384 [I] hooked MoveFileW (0x771420b0) in C:\WINDOWS\System32\KERNEL32.DLL type overwrite
21:14:46.384 [I] hooked MoveFileExA (0x77179c40) in C:\WINDOWS\System32\KERNEL32.DLL type overwrite
21:14:46.384 [I] hooked MoveFileExW (0x7599bfa0) in C:\WINDOWS\System32\KERNELBASE.dll type overwrite
21:14:46.384 [I] hooked MoveFileWithProgressA (0x77179da0) in C:\WINDOWS\System32\KERNEL32.DLL type overwrite
21:14:46.384 [I] hooked MoveFileWithProgressW (0x7599bfd0) in C:\WINDOWS\System32\KERNELBASE.dll type overwrite
21:14:46.384 [I] hooked CopyFileExW (0x75990c30) in C:\WINDOWS\System32\KERNELBASE.dll type overwrite
21:14:46.384 [I] hooked CopyFile2 (0x759ccaf0) in C:\WINDOWS\System32\KERNELBASE.dll type overwrite
21:14:46.385 [I] hooked GetPrivateProfileStringA (0x7713b530) in C:\WINDOWS\System32\KERNEL32.DLL type overwrite
21:14:46.385 [I] hooked GetPrivateProfileStringW (0x771313c0) in C:\WINDOWS\System32\KERNEL32.DLL type overwrite
21:14:46.385 [I] hooked GetPrivateProfileSectionA (0x771774a0) in C:\WINDOWS\System32\KERNEL32.DLL type overwrite
21:14:46.385 [I] hooked GetPrivateProfileSectionW (0x77137d60) in C:\WINDOWS\System32\KERNEL32.DLL type overwrite
21:14:46.385 [I] hooked WritePrivateProfileStringA (0x77138da0) in C:\WINDOWS\System32\KERNEL32.DLL type overwrite
21:14:46.385 [I] hooked WritePrivateProfileStringW (0x77139620) in C:\WINDOWS\System32\KERNEL32.DLL type overwrite
21:14:46.385 [I] hooked GetFullPathNameA (0x75964f00) in C:\WINDOWS\System32\KERNELBASE.dll type overwrite
21:14:46.385 [I] hooked GetFullPathNameW (0x75984210) in C:\WINDOWS\System32\KERNELBASE.dll type overwrite
21:14:46.386 [I] hooked FindFirstFileExW (0x75983d00) in C:\WINDOWS\System32\KERNELBASE.dll type overwrite
21:14:46.386 [I] hooked NtQueryFullAttributesFile (0x77973e30) in C:\WINDOWS\SYSTEM32\ntdll.dll type overwrite
21:14:46.386 [I] hooked NtQueryAttributesFile (0x77972da0) in C:\WINDOWS\SYSTEM32\ntdll.dll type overwrite
21:14:46.386 [I] hooked NtQueryDirectoryFile (0x77972d20) in C:\WINDOWS\SYSTEM32\ntdll.dll type overwrite
21:14:46.386 [I] hooked NtQueryDirectoryFileEx (0x77973df0) in C:\WINDOWS\SYSTEM32\ntdll.dll type overwrite
21:14:46.386 [I] hooked NtOpenFile (0x77972d00) in C:\WINDOWS\SYSTEM32\ntdll.dll type overwrite
21:14:46.386 [I] hooked NtCreateFile (0x77972f20) in C:\WINDOWS\SYSTEM32\ntdll.dll type overwrite
21:14:46.386 [I] hooked NtClose (0x77972aa0) in C:\WINDOWS\SYSTEM32\ntdll.dll type overwrite
21:14:46.386 [I] hooked NtTerminateProcess (0x77972c90) in C:\WINDOWS\SYSTEM32\ntdll.dll type overwrite
21:14:46.386 [I] hooked LoadLibraryExW (0x759813d0) in C:\WINDOWS\System32\KERNELBASE.dll type overwrite
21:14:46.387 [I] hooked GetModuleFileNameW (0x7598eb00) in C:\WINDOWS\System32\KERNELBASE.dll type overwrite
21:14:46.387 [I] inithooks in process 2980 successful
21:26:10.946 <28556:24752> [I] mapping file in vfs: D:\Games\The Elder Scrolls V Skyrim - Anniversary Edition\Data\FiR - Races and Stones.tes, D:\Games\The Elder Scrolls V Skyrim - Anniversary Edition\MO2\mods\FiR - Races and Stones\FiR - Races and Stones.tes
21:26:11.127 [I] remove from tree FiR - Races and Stones.esp
21:26:11.130 <28556:24752> [I] Rerouting file open to location of deleted file: D:\Games\The Elder Scrolls V Skyrim - Anniversary Edition\MO2\mods\FiR - Races and Stones\FiR - Races and Stones.esp
21:26:11.131 <28556:24752> [I] Rerouting file open to location of deleted file: D:\Games\The Elder Scrolls V Skyrim - Anniversary Edition\MO2\mods\FiR - Races and Stones\FiR - Races and Stones.esp
21:26:11.131 [I] remove from tree FiR - Races and Stones.tes
21:26:11.131 <28556:24752> [I] mapping file in vfs: D:\Games\The Elder Scrolls V Skyrim - Anniversary Edition\Data\FiR - Races and Stones.esp, D:\Games\The Elder Scrolls V Skyrim - Anniversary Edition\MO2\mods\FiR - Races and Stones\FiR - Races and Stones.esp
21:26:22.107 [I] injecting to process 10380 with same bitness
21:26:22.108 [I] dll path: D:\Games\The Elder Scrolls V Skyrim - Anniversary Edition\MO2\usvfs_x64.dll
21:26:22.113 [I] injection to same bitness process 10380 successful
21:26:22.274 [I] usvfs dll 0.5.6.0 initialized in process 10380
21:26:22.276 [I] inithooks called mod_organizer_instance in process D:\Games\The Elder Scrolls V Skyrim - Anniversary Edition\Papyrus Compiler\PapyrusCompiler.exe:10380 (log level 1, dump type 1, dump path D:/Games/The Elder Scrolls V Skyrim - Special Edition/MO2/crashDumps)
21:26:22.276 [I] access existing config in 10380
21:26:22.276 [I] 4 processes
21:26:22.277 [I] mod_organizer_instance_3 opened in process 10380
21:26:22.298 [I] attached to mod_organizer_instance_3 with 24051 nodes, size 16,777,216 B
21:26:22.298 [I] inv_mod_organizer_instance_3 opened in process 10380
21:26:22.299 [I] attached to inv_mod_organizer_instance_3 with 1425 nodes, size 524,288 B
21:26:22.299 [I] Process registered in shared process list : 10380
21:26:22.299 [I] Windows version 10.0.19043 sp 0 platform 2 (19041.1.amd64fre.vb_release.191206-1406)
21:26:22.299 [I] hooked GetFileAttributesExW (0x7ff901d0d350) in C:\WINDOWS\System32\KERNELBASE.dll type overwrite
21:26:22.299 [I] hooked GetFileAttributesW (0x7ff901d0bfc0) in C:\WINDOWS\System32\KERNELBASE.dll type overwrite
21:26:22.299 [I] hooked SetFileAttributesW (0x7ff901d57880) in C:\WINDOWS\System32\KERNELBASE.dll type overwrite
21:26:22.299 [I] hooked CreateDirectoryW (0x7ff901d13170) in C:\WINDOWS\System32\KERNELBASE.dll type overwrite
21:26:22.299 [I] hooked RemoveDirectoryW (0x7ff901d57520) in C:\WINDOWS\System32\KERNELBASE.dll type overwrite
21:26:22.299 [I] hooked DeleteFileW (0x7ff901d11a70) in C:\WINDOWS\System32\KERNELBASE.dll type overwrite
21:26:22.299 [I] hooked GetCurrentDirectoryA (0x7ff901d5d070) in C:\WINDOWS\System32\KERNELBASE.dll type overwrite
21:26:22.299 [I] hooked GetCurrentDirectoryW (0x7ff901d58c30) in C:\WINDOWS\System32\KERNELBASE.dll type overwrite
21:26:22.300 [I] hooked SetCurrentDirectoryA (0x7ff901dee340) in C:\WINDOWS\System32\KERNELBASE.dll type overwrite
21:26:22.300 [I] hooked SetCurrentDirectoryW (0x7ff901d40fa0) in C:\WINDOWS\System32\KERNELBASE.dll type overwrite
21:26:22.300 [I] hooked ExitProcess (0x7ff90404d980) in C:\WINDOWS\System32\KERNELBASE.dll type overwrite
21:26:22.300 [I] hooked CreateProcessInternalW (0x7ff901ce7e90) in C:\WINDOWS\System32\KERNELBASE.dll type overwrite
21:26:22.300 [I] hooked MoveFileA (0x7ff903992990) in C:\WINDOWS\System32\KERNEL32.dll type overwrite
21:26:22.300 [I] hooked MoveFileW (0x7ff903952890) in C:\WINDOWS\System32\KERNEL32.dll type overwrite
21:26:22.300 [I] hooked MoveFileExA (0x7ff9039929c0) in C:\WINDOWS\System32\KERNEL32.dll type overwrite
21:26:22.300 [I] hooked MoveFileExW (0x7ff901d2dd80) in C:\WINDOWS\System32\KERNELBASE.dll type overwrite
21:26:22.300 [I] hooked MoveFileWithProgressA (0x7ff903992ad0) in C:\WINDOWS\System32\KERNEL32.dll type overwrite
21:26:22.300 [I] hooked MoveFileWithProgressW (0x7ff901d2dd50) in C:\WINDOWS\System32\KERNELBASE.dll type overwrite
21:26:22.300 [I] hooked CopyFileExW (0x7ff901d30af0) in C:\WINDOWS\System32\KERNELBASE.dll type overwrite
21:26:22.300 [I] hooked CopyFile2 (0x7ff901d2e5c0) in C:\WINDOWS\System32\KERNELBASE.dll type overwrite
21:26:22.300 [I] hooked GetPrivateProfileStringA (0x7ff903945260) in C:\WINDOWS\System32\KERNEL32.dll type overwrite
21:26:22.300 [I] hooked GetPrivateProfileStringW (0x7ff903942360) in C:\WINDOWS\System32\KERNEL32.dll type overwrite
21:26:22.301 [I] hooked GetPrivateProfileSectionA (0x7ff903953180) in C:\WINDOWS\System32\KERNEL32.dll type overwrite
21:26:22.301 [I] hooked GetPrivateProfileSectionW (0x7ff903950cd0) in C:\WINDOWS\System32\KERNEL32.dll type overwrite
21:26:22.301 [I] hooked WritePrivateProfileStringA (0x7ff90398fac0) in C:\WINDOWS\System32\KERNEL32.dll type overwrite
21:26:22.301 [I] hooked WritePrivateProfileStringW (0x7ff903947af0) in C:\WINDOWS\System32\KERNEL32.dll type overwrite
21:26:22.301 [I] hooked GetFullPathNameA (0x7ff901d4d7c0) in C:\WINDOWS\System32\KERNELBASE.dll type overwrite
21:26:22.301 [I] hooked GetFullPathNameW (0x7ff901ce77a0) in C:\WINDOWS\System32\KERNELBASE.dll type overwrite
21:26:22.301 [I] hooked FindFirstFileExW (0x7ff901d10cf0) in C:\WINDOWS\System32\KERNELBASE.dll type overwrite
21:26:22.301 [I] hooked NtQueryFullAttributesFile (0x7ff90408f5e0) in C:\WINDOWS\SYSTEM32\ntdll.dll type overwrite
21:26:22.301 [I] hooked NtQueryAttributesFile (0x7ff90408d4d0) in C:\WINDOWS\SYSTEM32\ntdll.dll type overwrite
21:26:22.301 [I] hooked NtQueryDirectoryFile (0x7ff90408d3d0) in C:\WINDOWS\SYSTEM32\ntdll.dll type overwrite
21:26:22.301 [I] hooked NtQueryDirectoryFileEx (0x7ff90408f560) in C:\WINDOWS\SYSTEM32\ntdll.dll type overwrite
21:26:22.301 [I] hooked NtOpenFile (0x7ff90408d390) in C:\WINDOWS\SYSTEM32\ntdll.dll type overwrite
21:26:22.301 [I] hooked NtCreateFile (0x7ff90408d7d0) in C:\WINDOWS\SYSTEM32\ntdll.dll type overwrite
21:26:22.301 [I] hooked NtClose (0x7ff90408cf10) in C:\WINDOWS\SYSTEM32\ntdll.dll type overwrite
21:26:22.301 [I] hooked NtTerminateProcess (0x7ff90408d2b0) in C:\WINDOWS\SYSTEM32\ntdll.dll type overwrite
21:26:22.302 [I] hooked LoadLibraryExW (0x7ff901d0acf0) in C:\WINDOWS\System32\KERNELBASE.dll type overwrite
21:26:22.302 [I] hooked GetModuleFileNameW (0x7ff901d431b0) in C:\WINDOWS\System32\KERNELBASE.dll type overwrite
21:26:22.302 [I] inithooks in process 10380 successful
21:26:26.879 <10380:16716> [I] mapping file in vfs: D:\Games\The Elder Scrolls V Skyrim - Anniversary Edition\Data\Scripts\FiR_StoneShadowAbility.pas, D:\Games\The Elder Scrolls V Skyrim - Anniversary Edition\MO2\mods\FiR - Races and Stones\scripts\FiR_StoneShadowAbility.pas
21:26:27.150 [I] injecting to process 27448 with different bitness
21:26:27.150 [I] using usvfs proxy: D:\Games\The Elder Scrolls V Skyrim - Anniversary Edition\MO2\usvfs_proxy_x86.exe
21:26:27.207 [I] (proxy) instance: mod_organizer_instance
21:26:27.208 [I] (proxy) exe: 
21:26:27.208 [I] (proxy) pid: 27448
21:26:27.209 [I] (proxy) size: 65536
21:26:27.209 [I] (proxy) addr: 0x2840000
21:26:27.209 [I] (proxy) objs: 1
21:26:27.209 [I] (proxy) injecting to process 27448 with same bitness
21:26:27.209 [I] (proxy) dll path: D:\Games\The Elder Scrolls V Skyrim - Anniversary Edition\MO2\usvfs_x86.dll
21:26:27.210 [I] (proxy) injection to same bitness process 27448 successful
21:26:27.243 [I] usvfs dll 0.5.6.0 initialized in process 27448
21:26:27.244 [I] inithooks called mod_organizer_instance in process D:\Games\The Elder Scrolls V Skyrim - Anniversary Edition\Papyrus Compiler\PapyrusAssembler.exe:27448 (log level 1, dump type 1, dump path D:/Games/The Elder Scrolls V Skyrim - Special Edition/MO2/crashDumps)
21:26:27.247 [I] access existing config in 27448
21:26:27.247 [I] 5 processes
21:26:27.247 [I] mod_organizer_instance_3 opened in process 27448
21:26:27.253 [I] attached to mod_organizer_instance_3 with 24053 nodes, size 16,777,216 B
21:26:27.253 [I] inv_mod_organizer_instance_3 opened in process 27448
21:26:27.254 [I] attached to inv_mod_organizer_instance_3 with 1425 nodes, size 524,288 B
21:26:27.254 [I] Process registered in shared process list : 27448
21:26:27.254 [I] Windows version 10.0.19043 sp 0 platform 2 (19041.1.amd64fre.vb_release.191206-1406)
21:26:27.254 [I] hooked GetFileAttributesExW (0x759972c0) in C:\WINDOWS\System32\KERNELBASE.dll type overwrite
21:26:27.254 [I] hooked GetFileAttributesW (0x75983b60) in C:\WINDOWS\System32\KERNELBASE.dll type overwrite
21:26:27.254 [I] hooked SetFileAttributesW (0x7596a3d0) in C:\WINDOWS\System32\KERNELBASE.dll type overwrite
21:26:27.254 [I] hooked CreateDirectoryW (0x75984be0) in C:\WINDOWS\System32\KERNELBASE.dll type overwrite
21:26:27.254 [I] hooked RemoveDirectoryW (0x75a2d030) in C:\WINDOWS\System32\KERNELBASE.dll type overwrite
21:26:27.255 [I] hooked DeleteFileW (0x75982160) in C:\WINDOWS\System32\KERNELBASE.dll type overwrite
21:26:27.255 [I] hooked GetCurrentDirectoryA (0x7596e280) in C:\WINDOWS\System32\KERNELBASE.dll type overwrite
21:26:27.255 [I] hooked GetCurrentDirectoryW (0x7596bef0) in C:\WINDOWS\System32\KERNELBASE.dll type overwrite
21:26:27.255 [I] hooked SetCurrentDirectoryA (0x75a318d0) in C:\WINDOWS\System32\KERNELBASE.dll type overwrite
21:26:27.255 [I] hooked SetCurrentDirectoryW (0x7596c8c0) in C:\WINDOWS\System32\KERNELBASE.dll type overwrite
21:26:27.255 [I] hooked ExitProcess (0x7795d620) in C:\WINDOWS\System32\KERNELBASE.dll type overwrite
21:26:27.255 [I] hooked CreateProcessInternalW (0x7596ecc0) in C:\WINDOWS\System32\KERNELBASE.dll type overwrite
21:26:27.255 [I] hooked MoveFileA (0x7713f3e0) in C:\WINDOWS\System32\KERNEL32.DLL type overwrite
21:26:27.255 [I] hooked MoveFileW (0x771420b0) in C:\WINDOWS\System32\KERNEL32.DLL type overwrite
21:26:27.255 [I] hooked MoveFileExA (0x77179c40) in C:\WINDOWS\System32\KERNEL32.DLL type overwrite
21:26:27.255 [I] hooked MoveFileExW (0x7599bfa0) in C:\WINDOWS\System32\KERNELBASE.dll type overwrite
21:26:27.255 [I] hooked MoveFileWithProgressA (0x77179da0) in C:\WINDOWS\System32\KERNEL32.DLL type overwrite
21:26:27.255 [I] hooked MoveFileWithProgressW (0x7599bfd0) in C:\WINDOWS\System32\KERNELBASE.dll type overwrite
21:26:27.255 [I] hooked CopyFileExW (0x75990c30) in C:\WINDOWS\System32\KERNELBASE.dll type overwrite
21:26:27.256 [I] hooked CopyFile2 (0x759ccaf0) in C:\WINDOWS\System32\KERNELBASE.dll type overwrite
21:26:27.256 [I] hooked GetPrivateProfileStringA (0x7713b530) in C:\WINDOWS\System32\KERNEL32.DLL type overwrite
21:26:27.256 [I] hooked GetPrivateProfileStringW (0x771313c0) in C:\WINDOWS\System32\KERNEL32.DLL type overwrite
21:26:27.256 [I] hooked GetPrivateProfileSectionA (0x771774a0) in C:\WINDOWS\System32\KERNEL32.DLL type overwrite
21:26:27.256 [I] hooked GetPrivateProfileSectionW (0x77137d60) in C:\WINDOWS\System32\KERNEL32.DLL type overwrite
21:26:27.256 [I] hooked WritePrivateProfileStringA (0x77138da0) in C:\WINDOWS\System32\KERNEL32.DLL type overwrite
21:26:27.256 [I] hooked WritePrivateProfileStringW (0x77139620) in C:\WINDOWS\System32\KERNEL32.DLL type overwrite
21:26:27.256 [I] hooked GetFullPathNameA (0x75964f00) in C:\WINDOWS\System32\KERNELBASE.dll type overwrite
21:26:27.256 [I] hooked GetFullPathNameW (0x75984210) in C:\WINDOWS\System32\KERNELBASE.dll type overwrite
21:26:27.257 [I] hooked FindFirstFileExW (0x75983d00) in C:\WINDOWS\System32\KERNELBASE.dll type overwrite
21:26:27.257 [I] hooked NtQueryFullAttributesFile (0x77973e30) in C:\WINDOWS\SYSTEM32\ntdll.dll type overwrite
21:26:27.257 [I] hooked NtQueryAttributesFile (0x77972da0) in C:\WINDOWS\SYSTEM32\ntdll.dll type overwrite
21:26:27.257 [I] hooked NtQueryDirectoryFile (0x77972d20) in C:\WINDOWS\SYSTEM32\ntdll.dll type overwrite
21:26:27.257 [I] hooked NtQueryDirectoryFileEx (0x77973df0) in C:\WINDOWS\SYSTEM32\ntdll.dll type overwrite
21:26:27.257 [I] hooked NtOpenFile (0x77972d00) in C:\WINDOWS\SYSTEM32\ntdll.dll type overwrite
21:26:27.257 [I] hooked NtCreateFile (0x77972f20) in C:\WINDOWS\SYSTEM32\ntdll.dll type overwrite
21:26:27.257 [I] hooked NtClose (0x77972aa0) in C:\WINDOWS\SYSTEM32\ntdll.dll type overwrite
21:26:27.258 [I] hooked NtTerminateProcess (0x77972c90) in C:\WINDOWS\SYSTEM32\ntdll.dll type overwrite
21:26:27.258 [I] hooked LoadLibraryExW (0x759813d0) in C:\WINDOWS\System32\KERNELBASE.dll type overwrite
21:26:27.258 [I] hooked GetModuleFileNameW (0x7598eb00) in C:\WINDOWS\System32\KERNELBASE.dll type overwrite
21:26:27.258 [I] inithooks in process 27448 successful
21:26:27.278 <27448:9136> [I] mapping file in vfs: D:\Games\The Elder Scrolls V Skyrim - Anniversary Edition\Data\Scripts\FiR_StoneShadowAbility.pex, D:\Games\The Elder Scrolls V Skyrim - Anniversary Edition\MO2\mods\FiR - Races and Stones\scripts\FiR_StoneShadowAbility.pex
21:26:27.287 [I] releasing hook context
21:26:27.287 [I] 7 users left
21:26:27.296 [I] remove from tree FiR_StoneShadowAbility.pas
21:26:27.304 [I] releasing hook context
21:26:27.304 [I] 6 users left
21:43:47.844 <28556:24752> [I] Rerouting file open to location of deleted file: D:\Games\The Elder Scrolls V Skyrim - Anniversary Edition\MO2\mods\FiR - Races and Stones\FiR - Races and Stones.tes
21:43:47.844 <28556:24752> [I] Rerouting file open to location of deleted file: D:\Games\The Elder Scrolls V Skyrim - Anniversary Edition\MO2\mods\FiR - Races and Stones\FiR - Races and Stones.tes
21:43:47.844 <28556:24752> [I] Rerouting file open to location of deleted file: D:\Games\The Elder Scrolls V Skyrim - Anniversary Edition\MO2\mods\FiR - Races and Stones\FiR - Races and Stones.tes
21:43:47.844 <28556:24752> [I] Rerouting file open to location of deleted file: D:\Games\The Elder Scrolls V Skyrim - Anniversary Edition\MO2\mods\FiR - Races and Stones\FiR - Races and Stones.tes
21:43:47.844 <28556:24752> [I] Rerouting file open to location of deleted file: D:\Games\The Elder Scrolls V Skyrim - Anniversary Edition\MO2\mods\FiR - Races and Stones\FiR - Races and Stones.tes
21:43:47.844 <28556:24752> [I] mapping file in vfs: D:\Games\The Elder Scrolls V Skyrim - Anniversary Edition\Data\FiR - Races and Stones.tes, D:\Games\The Elder Scrolls V Skyrim - Anniversary Edition\MO2\mods\FiR - Races and Stones\FiR - Races and Stones.tes
21:43:48.000 [I] remove from tree FiR - Races and Stones.esp
21:43:48.000 <28556:24752> [I] Rerouting file open to location of deleted file: D:\Games\The Elder Scrolls V Skyrim - Anniversary Edition\MO2\mods\FiR - Races and Stones\FiR - Races and Stones.esp
21:43:48.001 <28556:24752> [I] Rerouting file open to location of deleted file: D:\Games\The Elder Scrolls V Skyrim - Anniversary Edition\MO2\mods\FiR - Races and Stones\FiR - Races and Stones.esp
21:43:48.001 [I] remove from tree FiR - Races and Stones.tes
21:43:48.001 <28556:24752> [I] mapping file in vfs: D:\Games\The Elder Scrolls V Skyrim - Anniversary Edition\Data\FiR - Races and Stones.esp, D:\Games\The Elder Scrolls V Skyrim - Anniversary Edition\MO2\mods\FiR - Races and Stones\FiR - Races and Stones.esp
21:45:53.452 <28556:24752> [I] Rerouting file open to location of deleted file: D:\Games\The Elder Scrolls V Skyrim - Anniversary Edition\MO2\mods\FiR - Races and Stones\FiR - Races and Stones.tes
21:45:53.452 <28556:24752> [I] Rerouting file open to location of deleted file: D:\Games\The Elder Scrolls V Skyrim - Anniversary Edition\MO2\mods\FiR - Races and Stones\FiR - Races and Stones.tes
21:45:53.452 <28556:24752> [I] Rerouting file open to location of deleted file: D:\Games\The Elder Scrolls V Skyrim - Anniversary Edition\MO2\mods\FiR - Races and Stones\FiR - Races and Stones.tes
21:45:53.452 <28556:24752> [I] Rerouting file open to location of deleted file: D:\Games\The Elder Scrolls V Skyrim - Anniversary Edition\MO2\mods\FiR - Races and Stones\FiR - Races and Stones.tes
21:45:53.452 <28556:24752> [I] Rerouting file open to location of deleted file: D:\Games\The Elder Scrolls V Skyrim - Anniversary Edition\MO2\mods\FiR - Races and Stones\FiR - Races and Stones.tes
21:45:53.452 <28556:24752> [I] mapping file in vfs: D:\Games\The Elder Scrolls V Skyrim - Anniversary Edition\Data\FiR - Races and Stones.tes, D:\Games\The Elder Scrolls V Skyrim - Anniversary Edition\MO2\mods\FiR - Races and Stones\FiR - Races and Stones.tes
21:45:53.597 [I] remove from tree FiR - Races and Stones.esp
21:45:53.597 <28556:24752> [I] Rerouting file open to location of deleted file: D:\Games\The Elder Scrolls V Skyrim - Anniversary Edition\MO2\mods\FiR - Races and Stones\FiR - Races and Stones.esp
21:45:53.598 <28556:24752> [I] Rerouting file open to location of deleted file: D:\Games\The Elder Scrolls V Skyrim - Anniversary Edition\MO2\mods\FiR - Races and Stones\FiR - Races and Stones.esp
21:45:53.598 [I] remove from tree FiR - Races and Stones.tes
21:45:53.598 <28556:24752> [I] mapping file in vfs: D:\Games\The Elder Scrolls V Skyrim - Anniversary Edition\Data\FiR - Races and Stones.esp, D:\Games\The Elder Scrolls V Skyrim - Anniversary Edition\MO2\mods\FiR - Races and Stones\FiR - Races and Stones.esp
21:46:18.534 [I] releasing hook context
21:46:18.535 [I] 3 users left
21:46:20.108 [I] releasing hook context
21:46:20.108 [I] 2 users left
