14:32:54.048 [I] usvfs dll 0.5.6.0 initialized in process 26480
14:32:54.049 [D] remove from process 26480
14:32:54.050 [I] create config in 26480
14:32:54.050 [I] 0 processes
14:32:54.051 [I] mod_organizer_instance_1 created in process 26480
14:32:54.051 [I] attached to mod_organizer_instance_1 with 1 nodes, size 4,194,304 B
14:32:54.052 [I] inv_mod_organizer_instance_1 created in process 26480
14:32:54.052 [I] attached to inv_mod_organizer_instance_1 with 1 nodes, size 131,072 B
14:32:54.052 [D] context current shm: mod_organizer_instance (now 2 connections)
14:32:54.052 [D] clearing blacklist
14:32:54.052 [D] blacklisting 'Chrome.exe'
14:32:54.053 [D] blacklisting 'Firefox.exe'
14:32:54.053 [D] blacklisting 'TSVNCache.exe'
14:32:54.053 [D] blacklisting 'TGitCache.exe'
14:32:54.053 [D] blacklisting 'Steam.exe'
14:32:54.053 [D] blacklisting 'GameOverlayUI.exe'
14:32:54.053 [D] blacklisting 'Discord.exe'
14:32:54.053 [D] blacklisting 'GalaxyClient.exe'
14:32:54.053 [D] blacklisting 'Spotify.exe'
14:32:54.053 [D] clearing forced libraries
