08/22/2022 17:34:27 +02:00 [INF]  - Starting the Reqtificator ()
08/22/2022 17:34:29 +02:00 [INF]  - working directory: H:\The Elder Scrolls V Skyrim - Special Edition\data ()
08/22/2022 17:34:29 +02:00 [INF]  - patcher version: Requiem 5.2.2 - "The Gathering Storm" ()
08/22/2022 17:34:29 +02:00 [INF]  - build git branch: master ()
08/22/2022 17:34:29 +02:00 [INF]  - build git revision: 3448bb55e8aa7c9e91581271656d19c92e1bfb24 ()
08/22/2022 17:34:29 +02:00 [INF]  - load order: ()
08/22/2022 17:34:29 +02:00 [INF]  -   0 - Skyrim.esm ()
08/22/2022 17:34:29 +02:00 [INF]  -   1 - Update.esm ()
08/22/2022 17:34:29 +02:00 [INF]  -   2 - Dawnguard.esm ()
08/22/2022 17:34:29 +02:00 [INF]  -   3 - HearthFires.esm ()
08/22/2022 17:34:29 +02:00 [INF]  -   4 - Dragonborn.esm ()
08/22/2022 17:34:29 +02:00 [INF]  -   5 - ccBGSSSE025-AdvDSGS.esm ()
08/22/2022 17:34:29 +02:00 [INF]  -   6 - ccQDRSSE001-SurvivalMode.esl ()
08/22/2022 17:34:29 +02:00 [INF]  -   7 - ccBGSSSE037-Curios.esl ()
08/22/2022 17:34:29 +02:00 [INF]  -   8 - ccasvsse001-almsivi.esm ()
08/22/2022 17:34:29 +02:00 [INF]  -   9 - ccBGSSSE001-Fish.esm ()
08/22/2022 17:34:29 +02:00 [INF]  -   10 - Unofficial Skyrim Special Edition Patch.esp ()
08/22/2022 17:34:29 +02:00 [INF]  -   11 - Skyrim Project Optimization - Full Version.esm ()
08/22/2022 17:34:29 +02:00 [INF]  -   12 - FISS.esp ()
08/22/2022 17:34:29 +02:00 [INF]  -   13 - Point The Way.esp ()
08/22/2022 17:34:29 +02:00 [INF]  -   14 - SkyUI_SE.esp ()
08/22/2022 17:34:29 +02:00 [INF]  -   15 - SkyHUD.esp ()
08/22/2022 17:34:29 +02:00 [INF]  -   16 - UIExtensions.esp ()
08/22/2022 17:34:29 +02:00 [INF]  -   17 - Extended UI.esp ()
08/22/2022 17:34:29 +02:00 [INF]  -   18 - RaceMenu.esp ()
08/22/2022 17:34:29 +02:00 [INF]  -   19 - RaceMenuPlugin.esp ()
08/22/2022 17:34:29 +02:00 [INF]  -   20 - UnreadBooksGlow.esp ()
08/22/2022 17:34:29 +02:00 [INF]  -   21 - AHZmoreHUDInventory.esp ()
08/22/2022 17:34:29 +02:00 [INF]  -   22 - Dead Body Collision.esp ()
08/22/2022 17:34:29 +02:00 [INF]  -   23 - Dual Wield Parrying_SKSE.esp ()
08/22/2022 17:34:29 +02:00 [INF]  -   24 - Nyghtfall Music Mod - No Vanilla Music.esp ()
08/22/2022 17:34:29 +02:00 [INF]  -   25 - ArtifactsOfBoethiah.esp ()
08/22/2022 17:34:29 +02:00 [INF]  -   26 - IceBladeOfTheMonarch.esp ()
08/22/2022 17:34:29 +02:00 [INF]  -   27 - tbmchrysamere.esp ()
08/22/2022 17:34:29 +02:00 [INF]  -   28 - DeadlyDragons.esp ()
08/22/2022 17:34:29 +02:00 [INF]  -   29 - The Path of Transcendence.esp ()
08/22/2022 17:34:29 +02:00 [INF]  -   30 - Apocalypse - The Spell Package.esp ()
08/22/2022 17:34:29 +02:00 [INF]  -   31 - Triumvirate - Mage Archetypes.esp ()
08/22/2022 17:34:29 +02:00 [INF]  -   32 - UltimateCombat.esp ()
08/22/2022 17:34:29 +02:00 [INF]  -   33 - Alternate Start - Live Another Life.esp ()
08/22/2022 17:34:29 +02:00 [INF]  -   34 - Heimfeigr.esp ()
08/22/2022 17:34:29 +02:00 [INF]  -   35 - Requiem.esp ()
08/22/2022 17:34:29 +02:00 [INF]  -   36 - SimpleHorse.esp ()
08/22/2022 17:34:29 +02:00 [INF]  -   37 - Requiem - Deadly Dragons.esp ()
08/22/2022 17:34:29 +02:00 [INF]  -   38 - More Silver Weapons.esp ()
08/22/2022 17:34:29 +02:00 [INF]  -   39 - FromArcana.esp ()
08/22/2022 17:34:29 +02:00 [INF]  -   40 - Fozars_Dragonborn_-_Requiem_Patch.esp ()
08/22/2022 17:34:29 +02:00 [INF]  -   41 - Requiem for a Dream - DivineBlessings.esp ()
08/22/2022 17:34:29 +02:00 [INF]  -   42 - Requiem for a Dream - Races.esp ()
08/22/2022 17:34:29 +02:00 [INF]  -   43 - Requiem for a Dream - StandingStones.esp ()
08/22/2022 17:34:29 +02:00 [INF]  -   44 - Apocalypse - Requiem Compatibility Patch.esp ()
08/22/2022 17:34:29 +02:00 [INF]  -   45 - Requiem - Breaking Bad.esp ()
08/22/2022 17:34:29 +02:00 [INF]  -   46 - Requiem for a Dream - Triumvirate Patch.esp ()
08/22/2022 17:34:29 +02:00 [INF]  -   47 - Requiem for a Dream - Kelpie.esp ()
08/22/2022 17:34:29 +02:00 [INF]  -   48 - Requiem for a Dream - Kelpie - Addon.esp ()
08/22/2022 17:34:29 +02:00 [INF]  -   49 - Requiem for a Dream - Mephala.esp ()
08/22/2022 17:34:29 +02:00 [INF]  -   50 - Requiem For A Dream - Reward.esp ()
08/22/2022 17:34:29 +02:00 [INF]  -   51 - Requiem for a Dream - Lichdom patch.esp ()
08/22/2022 17:34:29 +02:00 [INF]  -   52 - Requiem for a Dream - Vampirism.esp ()
08/22/2022 17:34:29 +02:00 [INF]  -   53 - Bound Armory Requiem.esp ()
08/22/2022 17:34:29 +02:00 [INF]  -   54 - Requiem for a Dream - Animated Armoury.esp ()
08/22/2022 17:34:29 +02:00 [INF]  -   55 - Requiem for a Dream - Blood Magick.esp ()
08/22/2022 17:34:29 +02:00 [INF]  -   56 - Requiem for a Dream - IceBladeOfTheMonarch.esp ()
08/22/2022 17:34:29 +02:00 [INF]  -   57 - Requiem for a Dream - ArtifactsOfBoethiah.esp ()
08/22/2022 17:34:29 +02:00 [INF]  -   58 - Lock&Loot.esp ()
08/22/2022 17:34:29 +02:00 [INF]  -   59 - Requiem - LeazerBoundArmor.esp ()
08/22/2022 17:34:29 +02:00 [INF]  -   60 - UniqueReplacer.esp ()
08/22/2022 17:34:29 +02:00 [INF]  -   61 - Requiem for a Dream - ECP Remesh for Requiem.esp ()
08/22/2022 17:34:29 +02:00 [INF]  -   62 - spelleraser.esp ()
08/22/2022 17:34:29 +02:00 [INF]  -   63 - No More Glowing Edges.esp ()
08/22/2022 17:34:29 +02:00 [INF]  -   64 - Missives.esp ()
08/22/2022 17:34:29 +02:00 [INF]  -   65 - CFTO.esp ()
08/22/2022 17:34:29 +02:00 [INF]  -   66 - CFTO-CoveredCarriages.esp ()
08/22/2022 17:34:29 +02:00 [INF]  -   67 - VioLens.esp ()
08/22/2022 17:34:29 +02:00 [INF]  -   68 - Requiem - VioLens.esp ()
08/22/2022 17:34:29 +02:00 [INF]  -   69 - Requiem - EnhancedUndeadSummon.esp ()
08/22/2022 17:34:29 +02:00 [INF]  -   70 - Requiem for a Dream - Spellfury.esp ()
08/22/2022 17:34:29 +02:00 [INF]  -   71 - [RfaD] Pickpocket Rebalance.esp ()
08/22/2022 17:34:29 +02:00 [INF]  -   72 - [RfaD]Merchants_Overhauls.esp ()
08/22/2022 17:34:29 +02:00 [INF]  -   73 - Requiem - Beware The Dead.esp ()
08/22/2022 17:34:29 +02:00 [INF]  -   74 - Requiem for a Dream - Enchanting.esp ()
08/22/2022 17:34:29 +02:00 [INF]  -   75 - Requiem for a Dream - Alchemy.esp ()
08/22/2022 17:34:29 +02:00 [INF]  -   76 - RFAD_Smithing.esp ()
08/22/2022 17:34:29 +02:00 [INF]  -   77 - Requiem for a Dream - Shout.esp ()
08/22/2022 17:34:29 +02:00 [INF]  -   78 - Requiem for a Dream - Resource Manager.esp ()
08/22/2022 17:34:29 +02:00 [INF]  -   79 - Requiem for a Dream.esp ()
08/22/2022 17:34:29 +02:00 [INF]  -   80 - RfaD_FIXs.esp ()
08/22/2022 17:34:29 +02:00 [INF]  -   81 - HonedMetal.esp ()
08/22/2022 17:34:29 +02:00 [INF]  -   82 - zzzSXP.esp ()
08/22/2022 17:34:29 +02:00 [INF]  -   83 - HH_SXP_Training.esp ()
08/22/2022 17:34:29 +02:00 [INF]  -   84 - Skyrim Skill Uncapper - RfaD Preset.esp ()
08/22/2022 17:34:29 +02:00 [INF]  -   85 - Requiem - REUS - RfaD.esp ()
08/22/2022 17:34:29 +02:00 [INF]  -   86 - Requiem - Live Another Life.esp ()
08/22/2022 17:34:29 +02:00 [INF]  -   87 - Port_Fixes.esp ()
08/22/2022 17:34:29 +02:00 [INF]  -   88 - metaSkillMenu.esp ()
08/22/2022 17:34:29 +02:00 [INF]  -   89 - ReflyemSkillTree.esp ()
08/22/2022 17:34:29 +02:00 [INF]  -   90 - Reflyem.esp ()
08/22/2022 17:34:29 +02:00 [INF]  -   91 - Reflyem - Alchemy.esp ()
08/22/2022 17:34:29 +02:00 [INF]  -   92 - BetterContainerControls.esp ()
08/22/2022 17:34:29 +02:00 [INF]  -   93 - Requiem for a Dream - Inventory.esp ()
08/22/2022 17:34:29 +02:00 [INF]  -   94 - ArcheryLocationalDamage.esp ()
08/22/2022 17:34:29 +02:00 [INF]  -   95 - DSerCombatGameplayOverhaul.esp ()
08/22/2022 17:34:29 +02:00 [INF]  -   96 - Requiem - No Overencumbered Messages.esp ()
08/22/2022 17:34:29 +02:00 [INF]  -   97 - Requiem - Restored Rewarding Sounds.esp ()
08/22/2022 17:34:29 +02:00 [INF]  -   98 - Requiem - Fozars Dragonborn 5.2.0 Fixes.esp ()
08/22/2022 17:34:29 +02:00 [INF]  -   99 - FiE - QuestsReward.esp ()
08/22/2022 17:34:29 +02:00 [INF]  -   100 - FiE.esp ()
08/22/2022 17:34:29 +02:00 [INF]  -   101 - Skyrim Immersive Creatures Special Edition.esp ()
08/22/2022 17:34:29 +02:00 [INF]  -   102 - FiR - Loot and Trade.esp ()
08/22/2022 17:34:29 +02:00 [INF]  -   103 - FiR - Races and Stones.esp ()
08/22/2022 17:34:29 +02:00 [INF]  -   104 - FiR - NPC Rebalance v2.0.esp ()
08/22/2022 17:34:29 +02:00 [INF]  -   105 - FiR - NPC Rebalance.esp ()
08/22/2022 17:34:29 +02:00 [INF]  -   106 - hz_NonExploitableCrossbowReload.esp ()
08/22/2022 17:34:29 +02:00 [INF]  -   107 - UltimateDragons.esp ()
08/22/2022 17:34:29 +02:00 [INF]  -   108 - Convenient Horses.esp ()
08/22/2022 17:34:29 +02:00 [INF]  -   109 - RFAB_AE.esp ()
08/22/2022 17:34:29 +02:00 [INF]  -   110 - FiR - Equipment.esp ()
08/22/2022 17:34:29 +02:00 [INF]  -   111 - Sky Born - Main.esp ()
08/22/2022 17:34:29 +02:00 [INF]  -   112 - Sky Born - Deadly Dragons Patch.esp ()
08/22/2022 17:34:29 +02:00 [INF]  -   113 - Sky Born - Races and Stones.esp ()
08/22/2022 17:34:29 +02:00 [INF]  -   114 - Sky Born - NPC.esp ()
08/22/2022 17:34:29 +02:00 [INF]  -   115 - Sky Born - Enchantments and Magic.esp ()
08/22/2022 17:34:29 +02:00 [INF]  -   116 - Sky Born - Armors and Weapons.esp ()
08/22/2022 17:34:29 +02:00 [INF]  -   117 - Sky Born - Artifacts.esp ()
08/22/2022 17:34:29 +02:00 [INF]  -   118 - Sky Born - Alchemy.esp ()
08/22/2022 17:34:29 +02:00 [INF]  -   119 - Sky Born - Perks.esp ()
08/22/2022 17:34:29 +02:00 [INF]  -   120 - Sky Born - Loot and Trade.esp ()
08/22/2022 17:34:29 +02:00 [INF]  -   121 - Sky Born - Other fixes.esp ()
08/22/2022 17:34:29 +02:00 [INF]  - configuration folder: H:\The Elder Scrolls V Skyrim - Special Edition\data\Reqtificator\Config ()
08/22/2022 17:34:30 +02:00 [INF]  - loading Reqtificator config (priority 1) from 'H:\The Elder Scrolls V Skyrim - Special Edition\data\Reqtificator\Config\Requiem\Reqtificator.conf' ()
08/22/2022 17:34:30 +02:00 [INF]  - Reqtificator state: Ready to Patch... ()
08/22/2022 17:34:30 +02:00 [INF]  - Ready to patch: userConfig detected
UserSettings { VerboseLogging = False, MergeLeveledLists = True, MergeLeveledCharacters = True, OpenEncounterZones = True, ActorVisualAutoMerge = True, RaceVisualAutoMerge = True } ()
08/22/2022 17:34:30 +02:00 [INF]  - Reqtificator state: Missing Requirements! ()
08/22/2022 17:34:30 +02:00 [INF]  - Patching Result: WARNING ()
08/22/2022 17:34:39 +02:00 [INF]  - Reqtificator state: Ready to Patch... ()
08/22/2022 17:34:42 +02:00 [INF]  - start patching ()
08/22/2022 17:34:42 +02:00 [INF]  - Reqtificator state: Patching...  ()
08/22/2022 17:34:42 +02:00 [WRN]  - Mod Fozars_Dragonborn_-_Requiem_Patch.esp is using a deprecated version of ReqTag declaration ()
08/22/2022 17:34:42 +02:00 [WRN]  - Mod RFAB_AE.esp is using a deprecated version of ReqTag declaration ()
08/22/2022 17:34:42 +02:00 [INF]  - Reqtificator state: Patching... Ammo ()
08/22/2022 17:34:43 +02:00 [INF]  - Reqtificator state: Patching... Encounter Zones ()
08/22/2022 17:34:43 +02:00 [INF]  - Reqtificator state: Patching... Doors ()
08/22/2022 17:34:43 +02:00 [INF]  - Reqtificator state: Patching... Containers ()
08/22/2022 17:34:43 +02:00 [INF]  - Reqtificator state: Patching... Leveled Items ()
08/22/2022 17:34:43 +02:00 [INF] 016E1D:Skyrim.esm - merged leveled lists from 2 patches (LItemRobesCollegeDestruction)
08/22/2022 17:34:43 +02:00 [INF] 016E1E:Skyrim.esm - merged leveled lists from 2 patches (LItemRobesCollegeAlteration)
08/22/2022 17:34:43 +02:00 [INF] 016E1F:Skyrim.esm - merged leveled lists from 2 patches (LItemRobesCollegeConjuration)
08/22/2022 17:34:43 +02:00 [INF] 016E20:Skyrim.esm - merged leveled lists from 2 patches (LItemRobesCollegeIllusion)
08/22/2022 17:34:43 +02:00 [INF] 016E21:Skyrim.esm - merged leveled lists from 2 patches (LItemRobesCollegeRestoration)
08/22/2022 17:34:43 +02:00 [INF] 016E22:Skyrim.esm - merged leveled lists from 2 patches (LItemRobesCollegeMagickaRegen)
08/22/2022 17:34:43 +02:00 [INF] 016E23:Skyrim.esm - merged leveled lists from 2 patches (LItemRobesCollegeMagickaHood)
08/22/2022 17:34:43 +02:00 [INF] 017102:Skyrim.esm - merged leveled lists from 2 patches (VendorGoldBlacksmithTown)
08/22/2022 17:34:43 +02:00 [INF] 017112:Skyrim.esm - merged leveled lists from 2 patches (LootSilverHandPotions)
08/22/2022 17:34:43 +02:00 [INF] 017116:Skyrim.esm - merged leveled lists from 2 patches (LootSilverHandBooks10)
08/22/2022 17:34:43 +02:00 [INF] 017118:Skyrim.esm - merged leveled lists from 2 patches (LootPoisonFalmer10)
08/22/2022 17:34:43 +02:00 [INF] 01EBE8:Skyrim.esm - merged leveled lists from 2 patches (LootFalmerOre25)
08/22/2022 17:34:43 +02:00 [INF] 01ED29:Skyrim.esm - merged leveled lists from 2 patches (LootFalmerOre100)
08/22/2022 17:34:43 +02:00 [INF] 01ED2A:Skyrim.esm - merged leveled lists from 2 patches (LootFalmerGoldBoss)
08/22/2022 17:34:43 +02:00 [INF] 0242FC:Skyrim.esm - merged leveled lists from 3 patches (LItemDraugr02Weapon1H)
08/22/2022 17:34:43 +02:00 [INF] 024300:Skyrim.esm - merged leveled lists from 3 patches (LItemDraugr02Weapon2H)
08/22/2022 17:34:43 +02:00 [INF] 02432D:Skyrim.esm - merged leveled lists from 2 patches (LItemDraugr05EWeapon1H)
08/22/2022 17:34:43 +02:00 [INF] 02E45C:Skyrim.esm - merged leveled lists from 2 patches (MS09Reward)
08/22/2022 17:34:43 +02:00 [INF] 035064:Skyrim.esm - merged leveled lists from 2 patches (LootWarlockGold)
08/22/2022 17:34:43 +02:00 [INF] 03509E:Skyrim.esm - merged leveled lists from 2 patches (LootWarlockScrolls100)
08/22/2022 17:34:43 +02:00 [INF] 037C27:Skyrim.esm - merged leveled lists from 2 patches (LootBanditGold)
08/22/2022 17:34:43 +02:00 [INF] 03A16A:Skyrim.esm - merged leveled lists from 2 patches (LItemPotionRestoreHealth)
08/22/2022 17:34:43 +02:00 [INF] 03AD77:Skyrim.esm - merged leveled lists from 2 patches (DeathItemBear)
08/22/2022 17:34:43 +02:00 [INF] 03AD78:Skyrim.esm - merged leveled lists from 2 patches (DeathItemBearCave)
08/22/2022 17:34:43 +02:00 [INF] 03AD79:Skyrim.esm - merged leveled lists from 2 patches (DeathItemBearSnow)
08/22/2022 17:34:43 +02:00 [INF] 03AD8C:Skyrim.esm - merged leveled lists from 2 patches (DeathItemGiant)
08/22/2022 17:34:43 +02:00 [INF] 03AD91:Skyrim.esm - merged leveled lists from 2 patches (DeathItemHagraven)
08/22/2022 17:34:43 +02:00 [INF] 03AD92:Skyrim.esm - merged leveled lists from 2 patches (DeathItemHorker)
08/22/2022 17:34:43 +02:00 [INF] 03AD96:Skyrim.esm - merged leveled lists from 2 patches (DeathItemMammoth)
08/22/2022 17:34:43 +02:00 [INF] 03AD99:Skyrim.esm - merged leveled lists from 2 patches (DeathItemSkeever)
08/22/2022 17:34:43 +02:00 [INF] 03AD9A:Skyrim.esm - merged leveled lists from 2 patches (DeathItemSlaughterfish)
08/22/2022 17:34:43 +02:00 [INF] 03AD9B:Skyrim.esm - merged leveled lists from 2 patches (DeathItemSpriggan)
08/22/2022 17:34:43 +02:00 [INF] 03AD9C:Skyrim.esm - merged leveled lists from 2 patches (DeathItemTroll)
08/22/2022 17:34:43 +02:00 [INF] 03ADA1:Skyrim.esm - merged leveled lists from 2 patches (DeathItemChaurus)
08/22/2022 17:34:43 +02:00 [INF] 03ADA2:Skyrim.esm - merged leveled lists from 2 patches (DeathItemChaurusEggs25)
08/22/2022 17:34:43 +02:00 [INF] 03ADA6:Skyrim.esm - merged leveled lists from 2 patches (DeathItemTrollFrost)
08/22/2022 17:34:43 +02:00 [INF] 03DED1:Skyrim.esm - merged leveled lists from 3 patches (LootBanditGoldBoss)
08/22/2022 17:34:43 +02:00 [INF] 043BD3:Skyrim.esm - merged leveled lists from 2 patches (LootForswornGoldBoss)
08/22/2022 17:34:43 +02:00 [INF] 043BD8:Skyrim.esm - merged leveled lists from 3 patches (LItemForswornWeaponMissile)
08/22/2022 17:34:43 +02:00 [INF] 04C165:Skyrim.esm - merged leveled lists from 2 patches (LootWarlockSpellTomes00All15)
08/22/2022 17:34:43 +02:00 [INF] 05BF1E:Skyrim.esm - merged leveled lists from 2 patches (LItemDraugr02Weapon2HMagic)
08/22/2022 17:34:43 +02:00 [INF] 065A80:Skyrim.esm - merged leveled lists from 2 patches (LItemPoisonDamageHealth)
08/22/2022 17:34:43 +02:00 [INF] 068525:Skyrim.esm - merged leveled lists from 2 patches (LItemGems)
08/22/2022 17:34:43 +02:00 [INF] 068837:Skyrim.esm - merged leveled lists from 2 patches (LootDraugrWeapon15)
08/22/2022 17:34:43 +02:00 [INF] 06A3C6:Skyrim.esm - merged leveled lists from 2 patches (LootForswornGold)
08/22/2022 17:34:43 +02:00 [INF] 070C0B:Skyrim.esm - merged leveled lists from 2 patches (LootDwarvenArmor100)
08/22/2022 17:34:43 +02:00 [INF] 070C0C:Skyrim.esm - merged leveled lists from 2 patches (LootDwarvenArmor15)
08/22/2022 17:34:43 +02:00 [INF] 070C16:Skyrim.esm - merged leveled lists from 2 patches (LootDwarvenIngots100)
08/22/2022 17:34:43 +02:00 [INF] 070C17:Skyrim.esm - merged leveled lists from 2 patches (LootDwarvenIngots10)
08/22/2022 17:34:43 +02:00 [INF] 070C18:Skyrim.esm - merged leveled lists from 2 patches (LootDwarvenJewelry100)
08/22/2022 17:34:43 +02:00 [INF] 070C19:Skyrim.esm - merged leveled lists from 2 patches (LootDwarvenJewelry25)
08/22/2022 17:34:43 +02:00 [INF] 070C1D:Skyrim.esm - merged leveled lists from 2 patches (LootDwarvenWeapon100)
08/22/2022 17:34:43 +02:00 [INF] 070C1E:Skyrim.esm - merged leveled lists from 2 patches (LootDwarvenWeapon15)
08/22/2022 17:34:43 +02:00 [INF] 070C22:Skyrim.esm - merged leveled lists from 2 patches (LootDwarvenScrap25)
08/22/2022 17:34:43 +02:00 [INF] 070EA3:Skyrim.esm - merged leveled lists from 2 patches (LootWerewolfGold)
08/22/2022 17:34:43 +02:00 [INF] 070F85:Skyrim.esm - merged leveled lists from 2 patches (LootVampireGold)
08/22/2022 17:34:43 +02:00 [INF] 070F87:Skyrim.esm - merged leveled lists from 2 patches (LootVampireGoldBoss)
08/22/2022 17:34:43 +02:00 [INF] 071229:Skyrim.esm - merged leveled lists from 2 patches (LootHagravenJewelry25)
08/22/2022 17:34:43 +02:00 [INF] 071276:Skyrim.esm - merged leveled lists from 2 patches (LootHagravenScrolls100)
08/22/2022 17:34:43 +02:00 [INF] 071277:Skyrim.esm - merged leveled lists from 2 patches (LootHagravenScrolls10)
08/22/2022 17:34:43 +02:00 [INF] 071483:Skyrim.esm - merged leveled lists from 2 patches (LootHagravenGold)
08/22/2022 17:34:43 +02:00 [INF] 07149A:Skyrim.esm - merged leveled lists from 2 patches (LootHagravenGoldBoss)
08/22/2022 17:34:43 +02:00 [INF] 0714EE:Skyrim.esm - merged leveled lists from 2 patches (LootCWImperialsGold)
08/22/2022 17:34:43 +02:00 [INF] 071526:Skyrim.esm - merged leveled lists from 2 patches (LootCWSonsGold)
08/22/2022 17:34:43 +02:00 [INF] 0715EE:Skyrim.esm - merged leveled lists from 2 patches (LootCWImperialsScrolls100)
08/22/2022 17:34:43 +02:00 [INF] 071606:Skyrim.esm - merged leveled lists from 2 patches (LootCWSonsScrolls100)
08/22/2022 17:34:43 +02:00 [INF] 07161B:Skyrim.esm - merged leveled lists from 2 patches (LootCWImperialsGoldBoss)
08/22/2022 17:34:43 +02:00 [INF] 07161C:Skyrim.esm - merged leveled lists from 2 patches (LootCWSonsGoldBoss)
08/22/2022 17:34:43 +02:00 [INF] 072AE7:Skyrim.esm - merged leveled lists from 3 patches (VendorGoldMisc)
08/22/2022 17:34:43 +02:00 [INF] 072AE8:Skyrim.esm - merged leveled lists from 2 patches (VendorGoldApothecary)
08/22/2022 17:34:43 +02:00 [INF] 072AE9:Skyrim.esm - merged leveled lists from 2 patches (VendorGoldBlacksmith)
08/22/2022 17:34:43 +02:00 [INF] 072AED:Skyrim.esm - merged leveled lists from 2 patches (VendorGoldBlacksmithOrc)
08/22/2022 17:34:43 +02:00 [INF] 07591E:Skyrim.esm - merged leveled lists from 2 patches (VendorBlacksmithEnchWeaponsLevel10)
08/22/2022 17:34:43 +02:00 [INF] 07591F:Skyrim.esm - merged leveled lists from 2 patches (VendorBlacksmithEnchWeaponsLevel20)
08/22/2022 17:34:43 +02:00 [INF] 075921:Skyrim.esm - merged leveled lists from 2 patches (VendorBlacksmithEnchArmorLevel10)
08/22/2022 17:34:43 +02:00 [INF] 075922:Skyrim.esm - merged leveled lists from 2 patches (VendorBlacksmithEnchArmorLevel20)
08/22/2022 17:34:43 +02:00 [INF] 08777F:Skyrim.esm - merged leveled lists from 2 patches (LootBanditArrows15)
08/22/2022 17:34:43 +02:00 [INF] 088510:Skyrim.esm - merged leveled lists from 2 patches (LootDraugrJewelry15)
08/22/2022 17:34:43 +02:00 [INF] 09AF09:Skyrim.esm - merged leveled lists from 2 patches (LItemMiscVendorArrows75)
08/22/2022 17:34:43 +02:00 [INF] 09AF0A:Skyrim.esm - merged leveled lists from 2 patches (LItemMiscVendorMiscItems75)
08/22/2022 17:34:43 +02:00 [INF] 09AF0B:Skyrim.esm - merged leveled lists from 2 patches (LItemMiscVendorAnimalPart75)
08/22/2022 17:34:43 +02:00 [INF] 09AF0C:Skyrim.esm - merged leveled lists from 2 patches (LItemMiscVendorGems25)
08/22/2022 17:34:43 +02:00 [INF] 09AF0D:Skyrim.esm - merged leveled lists from 2 patches (LItemMiscVendorMineralsProcessed25)
08/22/2022 17:34:43 +02:00 [INF] 09AF0E:Skyrim.esm - merged leveled lists from 2 patches (LItemMiscVendorMineralsRaw50)
08/22/2022 17:34:43 +02:00 [INF] 09AF12:Skyrim.esm - merged leveled lists from 2 patches (LItemMiscVendorSoulGemFull)
08/22/2022 17:34:43 +02:00 [INF] 09BC2F:Skyrim.esm - merged leveled lists from 2 patches (LItemBlacksmithArrows75)
08/22/2022 17:34:43 +02:00 [INF] 09BC33:Skyrim.esm - merged leveled lists from 2 patches (REQ_LI_VendorBlacksmith_Minimum)
08/22/2022 17:34:43 +02:00 [INF] 09CD40:Skyrim.esm - merged leveled lists from 2 patches (LItemApothecaryPotionAllSkills75)
08/22/2022 17:34:43 +02:00 [INF] 09CD41:Skyrim.esm - merged leveled lists from 2 patches (LItemApothecaryPotionMagicEffects75)
08/22/2022 17:34:43 +02:00 [INF] 09CD42:Skyrim.esm - merged leveled lists from 2 patches (LItemApothecaryPotionResistances75)
08/22/2022 17:34:43 +02:00 [INF] 09CD43:Skyrim.esm - merged leveled lists from 2 patches (LItemApothecaryPotionCureHMS75)
08/22/2022 17:34:43 +02:00 [INF] 09CD44:Skyrim.esm - merged leveled lists from 2 patches (LItemApothecaryPoisonAll75)
08/22/2022 17:34:43 +02:00 [INF] 09CD48:Skyrim.esm - merged leveled lists from 3 patches (LItemApothecaryIngredientsCommon75)
08/22/2022 17:34:44 +02:00 [INF] 09CD49:Skyrim.esm - merged leveled lists from 3 patches (LItemApothecaryIngredienstUncommon75)
08/22/2022 17:34:44 +02:00 [INF] 09CD4A:Skyrim.esm - merged leveled lists from 3 patches (LItemApothecaryIngredienstRare75)
08/22/2022 17:34:44 +02:00 [INF] 09E2B0:Skyrim.esm - merged leveled lists from 2 patches (LItemSpellTomes00Alteration)
08/22/2022 17:34:44 +02:00 [INF] 09E2B1:Skyrim.esm - merged leveled lists from 2 patches (LItemSpellTomes00Conjuration)
08/22/2022 17:34:44 +02:00 [INF] 09E2B2:Skyrim.esm - merged leveled lists from 2 patches (LItemSpellTomes00Destruction)
08/22/2022 17:34:44 +02:00 [INF] 0A272A:Skyrim.esm - merged leveled lists from 2 patches (LItemSpellTomes25Alteration)
08/22/2022 17:34:44 +02:00 [INF] 0A272B:Skyrim.esm - merged leveled lists from 2 patches (LItemSpellTomes25Conjuration)
08/22/2022 17:34:44 +02:00 [INF] 0A272C:Skyrim.esm - merged leveled lists from 2 patches (LItemSpellTomes25Destruction)
08/22/2022 17:34:44 +02:00 [INF] 0A272E:Skyrim.esm - merged leveled lists from 2 patches (LItemSpellTomes25Restoration)
08/22/2022 17:34:44 +02:00 [INF] 0A272F:Skyrim.esm - merged leveled lists from 2 patches (LItemSpellTomes75Alteration)
08/22/2022 17:34:44 +02:00 [INF] 0A2730:Skyrim.esm - merged leveled lists from 2 patches (LItemSpellTomes50Conjuration)
08/22/2022 17:34:44 +02:00 [INF] 0A2731:Skyrim.esm - merged leveled lists from 2 patches (LitemSpellTomes50Destruction)
08/22/2022 17:34:44 +02:00 [INF] 0A2732:Skyrim.esm - merged leveled lists from 2 patches (LItemSpellTomes50Illusion)
08/22/2022 17:34:44 +02:00 [INF] 0A2734:Skyrim.esm - merged leveled lists from 2 patches (LItemSpellTOmes50Restoration)
08/22/2022 17:34:44 +02:00 [INF] 0A2735:Skyrim.esm - merged leveled lists from 2 patches (LItemSpellTomes50Alteration)
08/22/2022 17:34:44 +02:00 [INF] 0A2736:Skyrim.esm - merged leveled lists from 3 patches (LItemSpellTomes75Conjuration)
08/22/2022 17:34:44 +02:00 [INF] 0A2737:Skyrim.esm - merged leveled lists from 2 patches (LItemSpellTomes75Destruction)
08/22/2022 17:34:44 +02:00 [INF] 0A2739:Skyrim.esm - merged leveled lists from 2 patches (LItemSpellTomes75Restoration)
08/22/2022 17:34:44 +02:00 [INF] 0A273A:Skyrim.esm - merged leveled lists from 2 patches (LItemSpellTomes100Conjuration)
08/22/2022 17:34:44 +02:00 [INF] 0A273B:Skyrim.esm - merged leveled lists from 2 patches (LItemSpellTomes100Destruction)
08/22/2022 17:34:44 +02:00 [INF] 0A297D:Skyrim.esm - merged leveled lists from 2 patches (LItemSpellTomes25AllAlteration)
08/22/2022 17:34:44 +02:00 [INF] 0A297E:Skyrim.esm - merged leveled lists from 2 patches (LItemSpellTomes25AllConjuration)
08/22/2022 17:34:44 +02:00 [INF] 0A297F:Skyrim.esm - merged leveled lists from 2 patches (LItemSpellTomes25AllDestruction)
08/22/2022 17:34:44 +02:00 [INF] 0A2981:Skyrim.esm - merged leveled lists from 2 patches (LItemSpellTomes25AllRestoration)
08/22/2022 17:34:44 +02:00 [INF] 0A2982:Skyrim.esm - merged leveled lists from 2 patches (LItemSpellTomes75AllAlteration)
08/22/2022 17:34:44 +02:00 [INF] 0A2983:Skyrim.esm - merged leveled lists from 3 patches (LItemSpellTomes75AllConjuration)
08/22/2022 17:34:44 +02:00 [INF] 0A2984:Skyrim.esm - merged leveled lists from 2 patches (LItemSpellTomes75AllDestruction)
08/22/2022 17:34:44 +02:00 [INF] 0A2986:Skyrim.esm - merged leveled lists from 2 patches (LItemSpellTomes75AllRestoration)
08/22/2022 17:34:44 +02:00 [INF] 0A298C:Skyrim.esm - merged leveled lists from 2 patches (LItemSpellTomes50AllAlteration)
08/22/2022 17:34:44 +02:00 [INF] 0A298D:Skyrim.esm - merged leveled lists from 2 patches (LItemSpellTomes50AllConjuration)
08/22/2022 17:34:44 +02:00 [INF] 0A298E:Skyrim.esm - merged leveled lists from 2 patches (LitemSpellTomes50AllDestruction)
08/22/2022 17:34:44 +02:00 [INF] 0A298F:Skyrim.esm - merged leveled lists from 2 patches (LItemSpellTomes50AllIllusion)
08/22/2022 17:34:44 +02:00 [INF] 0A2990:Skyrim.esm - merged leveled lists from 2 patches (LItemSpellTOmes50AllRestoration)
08/22/2022 17:34:44 +02:00 [INF] 0A44CA:Skyrim.esm - merged leveled lists from 2 patches (LItemScroll75Skill)
08/22/2022 17:34:44 +02:00 [INF] 0A44CB:Skyrim.esm - merged leveled lists from 2 patches (LItemScroll100Skill)
08/22/2022 17:34:44 +02:00 [INF] 0B4205:Skyrim.esm - merged leveled lists from 2 patches (LootDraugrJewelry100)
08/22/2022 17:34:44 +02:00 [INF] 0B4206:Skyrim.esm - merged leveled lists from 2 patches (LootDraugrScrolls100)
08/22/2022 17:34:44 +02:00 [INF] 0B8F33:Skyrim.esm - merged leveled lists from 2 patches (LootRiftenGold)
08/22/2022 17:34:44 +02:00 [INF] 0C0407:Skyrim.esm - merged leveled lists from 2 patches (LvlQuestReward04Wow)
08/22/2022 17:34:44 +02:00 [INF] 0C2966:Skyrim.esm - merged leveled lists from 2 patches (LootPotionRestoreHMS25)
08/22/2022 17:34:44 +02:00 [INF] 0C33AD:Skyrim.esm - merged leveled lists from 2 patches (DA06GiantDeathItems)
08/22/2022 17:34:44 +02:00 [INF] 0C3DE1:Skyrim.esm - merged leveled lists from 2 patches (CWRankRewardImperial)
08/22/2022 17:34:44 +02:00 [INF] 0C3DE2:Skyrim.esm - merged leveled lists from 2 patches (CWRankRewardSons)
08/22/2022 17:34:44 +02:00 [INF] 0D06F9:Skyrim.esm - merged leveled lists from 2 patches (LootGiantAnimalPart75)
08/22/2022 17:34:44 +02:00 [INF] 0D06FF:Skyrim.esm - merged leveled lists from 2 patches (LootGiantGold)
08/22/2022 17:34:44 +02:00 [INF] 0DD645:Skyrim.esm - merged leveled lists from 2 patches (LItemSpellTomes100Alteration)
08/22/2022 17:34:44 +02:00 [INF] 0DD648:Skyrim.esm - merged leveled lists from 2 patches (LItemSpellTomes100Restoration)
08/22/2022 17:34:44 +02:00 [INF] 0DDD62:Skyrim.esm - merged leveled lists from 2 patches (LItemDraugr02BossWeapon1HMagic)
08/22/2022 17:34:44 +02:00 [INF] 0DDD63:Skyrim.esm - merged leveled lists from 2 patches (LItemDraugr02BossWeapon2HMagic)
08/22/2022 17:34:44 +02:00 [INF] 0DDD70:Skyrim.esm - merged leveled lists from 2 patches (LItemDraugr04BossWeapon1HMagic)
08/22/2022 17:34:44 +02:00 [INF] 0DDD71:Skyrim.esm - merged leveled lists from 2 patches (LItemDraugr04BossWeapon2HMagic)
08/22/2022 17:34:44 +02:00 [INF] 0F961D:Skyrim.esm - merged leveled lists from 2 patches (LItemGemsSmall)
08/22/2022 17:34:44 +02:00 [INF] 0F961E:Skyrim.esm - merged leveled lists from 2 patches (LItemJewelryRingSmall)
08/22/2022 17:34:44 +02:00 [INF] 0FDE77:Skyrim.esm - merged leveled lists from 2 patches (MGRitualAlterationBooks)
08/22/2022 17:34:44 +02:00 [INF] 0FDE78:Skyrim.esm - merged leveled lists from 2 patches (MGRitualConjurationBooks)
08/22/2022 17:34:44 +02:00 [INF] 0FDE79:Skyrim.esm - merged leveled lists from 2 patches (MGRitualDestructionBooks)
08/22/2022 17:34:44 +02:00 [INF] 0FDE7C:Skyrim.esm - merged leveled lists from 2 patches (MGRitualRestorationBooks)
08/22/2022 17:34:44 +02:00 [INF] 0FFEA2:Skyrim.esm - merged leveled lists from 2 patches (LItemMiscVendorSoulGemEmpty)
08/22/2022 17:34:44 +02:00 [INF] 101073:Skyrim.esm - merged leveled lists from 2 patches (LItemEnchJewelryAll15)
08/22/2022 17:34:44 +02:00 [INF] 1017B8:Skyrim.esm - merged leveled lists from 2 patches (DeathItemMudCrab01)
08/22/2022 17:34:44 +02:00 [INF] 1017B9:Skyrim.esm - merged leveled lists from 2 patches (DeathItemMudCrab02)
08/22/2022 17:34:44 +02:00 [INF] 1017BA:Skyrim.esm - merged leveled lists from 2 patches (DeathItemMudCrab03)
08/22/2022 17:34:44 +02:00 [INF] 101DA8:Skyrim.esm - merged leveled lists from 2 patches (LootDwarvenClutter75)
08/22/2022 17:34:44 +02:00 [INF] 101DA9:Skyrim.esm - merged leveled lists from 2 patches (LootDwarvenClutter25)
08/22/2022 17:34:44 +02:00 [INF] 101DAA:Skyrim.esm - merged leveled lists from 2 patches (LootDwarvenGoldBoss)
08/22/2022 17:34:44 +02:00 [INF] 1036EF:Skyrim.esm - merged leveled lists from 2 patches (LootSabrecatBodyParts)
08/22/2022 17:34:44 +02:00 [INF] 103AD3:Skyrim.esm - merged leveled lists from 2 patches (LootDwarvenSpiderSoulGem50)
08/22/2022 17:34:44 +02:00 [INF] 103AD4:Skyrim.esm - merged leveled lists from 2 patches (LootDwarvenSphereSoulGem50)
08/22/2022 17:34:44 +02:00 [INF] 103AD5:Skyrim.esm - merged leveled lists from 2 patches (LootDwarvenCenturionSoulGem)
08/22/2022 17:34:44 +02:00 [INF] 1046DC:Skyrim.esm - merged leveled lists from 2 patches (LootCitizenRingList)
08/22/2022 17:34:44 +02:00 [INF] 104ABB:Skyrim.esm - merged leveled lists from 2 patches (LootStaffsAll15)
08/22/2022 17:34:44 +02:00 [INF] 104ABC:Skyrim.esm - merged leveled lists from 2 patches (LootStaffsAll25)
08/22/2022 17:34:44 +02:00 [INF] 105242:Skyrim.esm - merged leveled lists from 2 patches (LItemSpellVendorStaffsAll75)
08/22/2022 17:34:44 +02:00 [INF] 105253:Skyrim.esm - merged leveled lists from 2 patches (LootEnchNecromancerRobes25)
08/22/2022 17:34:44 +02:00 [INF] 105EF6:Skyrim.esm - merged leveled lists from 2 patches (LootEnchWarlockRobes25)
08/22/2022 17:34:44 +02:00 [INF] 1093F8:Skyrim.esm - merged leveled lists from 2 patches (LootStaffsAll)
08/22/2022 17:34:44 +02:00 [INF] 109D7D:Skyrim.esm - merged leveled lists from 2 patches (LootPoisonFalmer25)
08/22/2022 17:34:44 +02:00 [INF] 10A286:Skyrim.esm - merged leveled lists from 2 patches (LootDwarvenArmor25)
08/22/2022 17:34:44 +02:00 [INF] 10C1CC:Skyrim.esm - merged leveled lists from 2 patches (PerkMasterTraderGold)
08/22/2022 17:34:44 +02:00 [INF] 10DDBD:Skyrim.esm - merged leveled lists from 2 patches (LootDwarvenOre10)
08/22/2022 17:34:44 +02:00 [INF] 10E0E4:Skyrim.esm - merged leveled lists from 2 patches (LootBookRandom05)
08/22/2022 17:34:44 +02:00 [INF] 10E0E7:Skyrim.esm - merged leveled lists from 2 patches (LootBanditSpellTomes10)
08/22/2022 17:34:44 +02:00 [INF] 10F64E:Skyrim.esm - merged leveled lists from 2 patches (LItemSpellTomes00AllAlteration)
08/22/2022 17:34:44 +02:00 [INF] 10F64F:Skyrim.esm - merged leveled lists from 2 patches (LItemSpellTomes00AllConjuration)
08/22/2022 17:34:44 +02:00 [INF] 10F650:Skyrim.esm - merged leveled lists from 2 patches (LItemSpellTomes00AllDestruction)
08/22/2022 17:34:44 +02:00 [INF] 10F91A:Skyrim.esm - merged leveled lists from 3 patches (LItemApothecaryRecipesCommon100)
08/22/2022 17:34:44 +02:00 [INF] 10F91B:Skyrim.esm - merged leveled lists from 2 patches (LItemApothecaryRecipesPoisons50)
08/22/2022 17:34:44 +02:00 [INF] 10F91C:Skyrim.esm - merged leveled lists from 3 patches (LItemApothecaryRecipesRare50)
08/22/2022 17:34:44 +02:00 [INF] 10F9D2:Skyrim.esm - merged leveled lists from 2 patches (LootFalmerOre10)
08/22/2022 17:34:44 +02:00 [INF] 10F9D5:Skyrim.esm - merged leveled lists from 2 patches (LootFalmerCorpseGoldSublist)
08/22/2022 17:34:44 +02:00 [INF] 10F9D7:Skyrim.esm - merged leveled lists from 2 patches (LootStaffsWeaponBandit)
08/22/2022 17:34:44 +02:00 [INF] 10FAB7:Skyrim.esm - merged leveled lists from 2 patches (LootForswornFood10)
08/22/2022 17:34:44 +02:00 [INF] 10FAB8:Skyrim.esm - merged leveled lists from 2 patches (LootForswornRawMeat25)
08/22/2022 17:34:44 +02:00 [INF] 10FABD:Skyrim.esm - merged leveled lists from 3 patches (LItemForswornArrows)
08/22/2022 17:34:44 +02:00 [INF] 10FAC2:Skyrim.esm - merged leveled lists from 2 patches (LootStaffsWeaponForsworn)
08/22/2022 17:34:44 +02:00 [INF] 10FAC6:Skyrim.esm - merged leveled lists from 2 patches (LootDraugrJewelry05)
08/22/2022 17:34:44 +02:00 [INF] 10FACA:Skyrim.esm - merged leveled lists from 2 patches (LootDraugrSpellTomes05)
08/22/2022 17:34:44 +02:00 [INF] 10FAD1:Skyrim.esm - merged leveled lists from 2 patches (LootStaffsWeaponWarlock)
08/22/2022 17:34:44 +02:00 [INF] 10FAD3:Skyrim.esm - merged leveled lists from 2 patches (LootWarlockSoulGemsNecroBonus)
08/22/2022 17:34:44 +02:00 [INF] 10FAD7:Skyrim.esm - merged leveled lists from 2 patches (LootStaffsWeaponVampire)
08/22/2022 17:34:44 +02:00 [INF] 10FAF7:Skyrim.esm - merged leveled lists from 2 patches (LootFalmerGems10)
08/22/2022 17:34:44 +02:00 [INF] 10FCFD:Skyrim.esm - merged leveled lists from 2 patches (LootUrnGoldChange)
08/22/2022 17:34:44 +02:00 [INF] 10FCFF:Skyrim.esm - merged leveled lists from 2 patches (LootSpiderCorpseHuman)
08/22/2022 17:34:44 +02:00 [INF] 10FD8B:Skyrim.esm - merged leveled lists from 2 patches (LootPerkGoldenTouch)
08/22/2022 17:34:44 +02:00 [INF] 10FE87:Skyrim.esm - merged leveled lists from 2 patches (LootWarlockCorpseGoldSublist)
08/22/2022 17:34:44 +02:00 [INF] 00D6F8:Dawnguard.esm - merged leveled lists from 2 patches (DLC1DeathItemChaurusHunter)
08/22/2022 17:34:44 +02:00 [INF] 014750:Dawnguard.esm - merged leveled lists from 2 patches (DLC1DeathItemFrostGiant)
08/22/2022 17:34:44 +02:00 [INF] 06226F:Requiem.esp - merged leveled lists from 2 patches (REQ_LI_SpiderEggs02)
08/22/2022 17:34:44 +02:00 [INF] 062270:Requiem.esp - merged leveled lists from 2 patches (REQ_LI_SpiderEggs01)
08/22/2022 17:34:44 +02:00 [INF] 062272:Requiem.esp - merged leveled lists from 2 patches (REQ_LI_SlaughterfishEgg)
08/22/2022 17:34:44 +02:00 [INF] 23CB45:Requiem.esp - merged leveled lists from 2 patches (REQ_LI_SpiderEggsSac)
08/22/2022 17:34:44 +02:00 [INF] 2500C4:Requiem.esp - merged leveled lists from 2 patches (REQ_LI_DLC01Gleamblossom01)
08/22/2022 17:34:44 +02:00 [INF] 2500CC:Requiem.esp - merged leveled lists from 2 patches (REQ_LI_FloraCreepCluster)
08/22/2022 17:34:44 +02:00 [INF] 2500CF:Requiem.esp - merged leveled lists from 2 patches (REQ_LI_GiantLichen)
08/22/2022 17:34:44 +02:00 [INF] 2500D3:Requiem.esp - merged leveled lists from 2 patches (REQ_LI_Mushroom01)
08/22/2022 17:34:44 +02:00 [INF] 2500DA:Requiem.esp - merged leveled lists from 2 patches (REQ_LI_Mushroom02)
08/22/2022 17:34:44 +02:00 [INF] 2500DD:Requiem.esp - merged leveled lists from 2 patches (REQ_LI_Mushroom03)
08/22/2022 17:34:44 +02:00 [INF] 2500E0:Requiem.esp - merged leveled lists from 2 patches (REQ_LI_Mushroom04)
08/22/2022 17:34:44 +02:00 [INF] 2500E3:Requiem.esp - merged leveled lists from 2 patches (REQ_LI_Mushroom05)
08/22/2022 17:34:44 +02:00 [INF] 2500E6:Requiem.esp - merged leveled lists from 2 patches (REQ_LI_Mushroom06)
08/22/2022 17:34:44 +02:00 [INF] 2500E9:Requiem.esp - merged leveled lists from 2 patches (REQ_LI_SwampFungalPod)
08/22/2022 17:34:44 +02:00 [INF] 252888:Requiem.esp - merged leveled lists from 2 patches (REQ_LI_ScalyPholiota02)
08/22/2022 17:34:44 +02:00 [INF] 252889:Requiem.esp - merged leveled lists from 2 patches (REQ_LI_ScalyPholiota01)
08/22/2022 17:34:44 +02:00 [INF] 252891:Requiem.esp - merged leveled lists from 2 patches (REQ_LI_MoraTapinella02)
08/22/2022 17:34:44 +02:00 [INF] 252892:Requiem.esp - merged leveled lists from 2 patches (REQ_LI_MoraTapinella01)
08/22/2022 17:34:44 +02:00 [INF] 252895:Requiem.esp - merged leveled lists from 2 patches (REQ_LI_GlowingMushroom)
08/22/2022 17:34:44 +02:00 [INF] 25289A:Requiem.esp - merged leveled lists from 2 patches (REQ_LI_HangingElvesEar)
08/22/2022 17:34:44 +02:00 [INF] 255037:Requiem.esp - merged leveled lists from 2 patches (REQ_LI_HangingFrostMirriam)
08/22/2022 17:34:44 +02:00 [INF] 255039:Requiem.esp - merged leveled lists from 2 patches (REQ_LI_HangingGarlicBraid)
08/22/2022 17:34:44 +02:00 [INF] 25503C:Requiem.esp - merged leveled lists from 2 patches (REQ_LI_NordicBarnacle)
08/22/2022 17:34:44 +02:00 [INF] 25503F:Requiem.esp - merged leveled lists from 2 patches (REQ_LI_SlaughterfishNestEgg)
08/22/2022 17:34:44 +02:00 [INF] 255046:Requiem.esp - merged leveled lists from 2 patches (REQ_LI_DLC1TreeFloraMountainFlowerYellow01)
08/22/2022 17:34:44 +02:00 [INF] 255047:Requiem.esp - merged leveled lists from 2 patches (REQ_LI_DLC1TreeFloraMountainFlowerYellow02)
08/22/2022 17:34:44 +02:00 [INF] 25504A:Requiem.esp - merged leveled lists from 2 patches (REQ_LI_MountainFlowerBlue01)
08/22/2022 17:34:44 +02:00 [INF] 25504B:Requiem.esp - merged leveled lists from 2 patches (REQ_LI_MountainFlowerBlue02)
08/22/2022 17:34:44 +02:00 [INF] 25504C:Requiem.esp - merged leveled lists from 2 patches (REQ_LI_MountainFlowerPurple01)
08/22/2022 17:34:44 +02:00 [INF] 25504D:Requiem.esp - merged leveled lists from 2 patches (REQ_LI_MountainFlowerPurple02)
08/22/2022 17:34:44 +02:00 [INF] 25504E:Requiem.esp - merged leveled lists from 2 patches (REQ_LI_MountainFlowerRed01)
08/22/2022 17:34:44 +02:00 [INF] 25504F:Requiem.esp - merged leveled lists from 2 patches (REQ_LI_MountainFlower02Red)
08/22/2022 17:34:44 +02:00 [INF] 255056:Requiem.esp - merged leveled lists from 2 patches (REQ_LI_Wheat)
08/22/2022 17:34:44 +02:00 [INF] 255059:Requiem.esp - merged leveled lists from 2 patches (REQ_LI_TundraCotton)
08/22/2022 17:34:44 +02:00 [INF] 25505B:Requiem.esp - merged leveled lists from 2 patches (REQ_LI_Thistle)
08/22/2022 17:34:44 +02:00 [INF] 25505F:Requiem.esp - merged leveled lists from 2 patches (REQ_LI_SpikyGrass01)
08/22/2022 17:34:44 +02:00 [INF] 255060:Requiem.esp - merged leveled lists from 2 patches (REQ_LI_SpikyGrass02)
08/22/2022 17:34:44 +02:00 [INF] 255065:Requiem.esp - merged leveled lists from 2 patches (REQ_LI_Snowberry)
08/22/2022 17:34:44 +02:00 [INF] 25506B:Requiem.esp - merged leveled lists from 2 patches (REQ_LI_Nightshade)
08/22/2022 17:34:44 +02:00 [INF] 25506E:Requiem.esp - merged leveled lists from 2 patches (REQ_LI_Lavender)
08/22/2022 17:34:44 +02:00 [INF] 255071:Requiem.esp - merged leveled lists from 2 patches (REQ_LI_Juniper)
08/22/2022 17:34:44 +02:00 [INF] 255074:Requiem.esp - merged leveled lists from 2 patches (REQ_LI_Jazbay)
08/22/2022 17:34:44 +02:00 [INF] 255079:Requiem.esp - merged leveled lists from 2 patches (REQ_LI_Moss)
08/22/2022 17:34:44 +02:00 [INF] 25507F:Requiem.esp - merged leveled lists from 2 patches (REQ_LI_DragonsTongue)
08/22/2022 17:34:44 +02:00 [INF] 255082:Requiem.esp - merged leveled lists from 2 patches (REQ_LI_Deathbell01)
08/22/2022 17:34:44 +02:00 [INF] 255083:Requiem.esp - merged leveled lists from 2 patches (REQ_LI_Deathbell02)
08/22/2022 17:34:44 +02:00 [INF] 273314:Requiem.esp - merged leveled lists from 2 patches (REQ_LI_Perl50)
08/22/2022 17:34:44 +02:00 [INF] 3591FC:Requiem.esp - merged leveled lists from 2 patches (REQ_LI_OrcishArmorReward)
08/22/2022 17:34:44 +02:00 [INF] 86D2DF:Requiem.esp - merged leveled lists from 2 patches (REQ_CLI_EquipSet_BanditHeavy_01_Warhammer)
08/22/2022 17:34:44 +02:00 [INF] 86D2E0:Requiem.esp - merged leveled lists from 4 patches (REQ_CLI_EquipSet_BanditHeavy_02_Warhammer)
08/22/2022 17:34:44 +02:00 [INF] 86D2E1:Requiem.esp - merged leveled lists from 4 patches (REQ_CLI_EquipSet_BanditHeavy_03_Warhammer)
08/22/2022 17:34:44 +02:00 [INF] 88AEF3:Requiem.esp - merged leveled lists from 4 patches (REQ_CLI_EquipSet_BanditHeavy_05_Boots)
08/22/2022 17:34:44 +02:00 [INF] 88AEF4:Requiem.esp - merged leveled lists from 4 patches (REQ_CLI_EquipSet_BanditHeavy_06_Boots)
08/22/2022 17:34:44 +02:00 [INF] 88D690:Requiem.esp - merged leveled lists from 4 patches (REQ_CLI_EquipSet_BanditHeavy_05_Gauntlets)
08/22/2022 17:34:44 +02:00 [INF] 88D691:Requiem.esp - merged leveled lists from 4 patches (REQ_CLI_EquipSet_BanditHeavy_06_Gauntlets)
08/22/2022 17:34:44 +02:00 [INF] 88D693:Requiem.esp - merged leveled lists from 4 patches (REQ_CLI_EquipSet_BanditHeavy_05_Helmet)
08/22/2022 17:34:44 +02:00 [INF] 88D694:Requiem.esp - merged leveled lists from 4 patches (REQ_CLI_EquipSet_BanditHeavy_06_Helmet)
08/22/2022 17:34:44 +02:00 [INF] 88D6B6:Requiem.esp - merged leveled lists from 4 patches (REQ_CLI_EquipSet_BanditHeavy_05_Cuirass)
08/22/2022 17:34:44 +02:00 [INF] 88D6B7:Requiem.esp - merged leveled lists from 4 patches (REQ_CLI_EquipSet_BanditHeavy_06_Cuirass)
08/22/2022 17:34:44 +02:00 [INF] 88D6B9:Requiem.esp - merged leveled lists from 4 patches (REQ_CLI_EquipSet_BanditHeavy_05_Shield)
08/22/2022 17:34:44 +02:00 [INF] 88D6BA:Requiem.esp - merged leveled lists from 4 patches (REQ_CLI_EquipSet_BanditHeavy_06_Shield)
08/22/2022 17:34:44 +02:00 [INF] 89760C:Requiem.esp - merged leveled lists from 4 patches (REQ_CLI_EquipSet_BanditHeavy_06_GreatSword)
08/22/2022 17:34:44 +02:00 [INF] 89760F:Requiem.esp - merged leveled lists from 4 patches (REQ_CLI_EquipSet_BanditHeavy_06_BattleAxe)
08/22/2022 17:34:44 +02:00 [INF] 897610:Requiem.esp - merged leveled lists from 4 patches (REQ_CLI_EquipSet_BanditHeavy_04_Warhammer)
08/22/2022 17:34:44 +02:00 [INF] 897611:Requiem.esp - merged leveled lists from 4 patches (REQ_CLI_EquipSet_BanditHeavy_05_Warhammer)
08/22/2022 17:34:44 +02:00 [INF] 897612:Requiem.esp - merged leveled lists from 4 patches (REQ_CLI_EquipSet_BanditHeavy_06_Warhammer)
08/22/2022 17:34:44 +02:00 [INF] 897615:Requiem.esp - merged leveled lists from 4 patches (REQ_CLI_EquipSet_BanditHeavy_06_Axe)
08/22/2022 17:34:44 +02:00 [INF] 897618:Requiem.esp - merged leveled lists from 4 patches (REQ_CLI_EquipSet_BanditHeavy_06_Mace)
08/22/2022 17:34:44 +02:00 [INF] 89761B:Requiem.esp - merged leveled lists from 4 patches (REQ_CLI_EquipSet_BanditHeavy_06_Sword)
08/22/2022 17:34:44 +02:00 [INF] 89C57E:Requiem.esp - merged leveled lists from 4 patches (REQ_CLI_EquipSet_BanditLight_05_Boots)
08/22/2022 17:34:44 +02:00 [INF] 89C57F:Requiem.esp - merged leveled lists from 4 patches (REQ_CLI_EquipSet_BanditLight_06_Boots)
08/22/2022 17:34:44 +02:00 [INF] 89C581:Requiem.esp - merged leveled lists from 4 patches (REQ_CLI_EquipSet_BanditLight_05_Cuirass)
08/22/2022 17:34:44 +02:00 [INF] 89C582:Requiem.esp - merged leveled lists from 4 patches (REQ_CLI_EquipSet_BanditLight_06_Cuirass)
08/22/2022 17:34:44 +02:00 [INF] 89C584:Requiem.esp - merged leveled lists from 4 patches (REQ_CLI_EquipSet_BanditLight_05_Gauntlets)
08/22/2022 17:34:44 +02:00 [INF] 89C585:Requiem.esp - merged leveled lists from 4 patches (REQ_CLI_EquipSet_BanditLight_06_Gauntlets)
08/22/2022 17:34:44 +02:00 [INF] 89C593:Requiem.esp - merged leveled lists from 4 patches (REQ_CLI_EquipSet_BanditLight_05_Helmet)
08/22/2022 17:34:44 +02:00 [INF] 89C594:Requiem.esp - merged leveled lists from 4 patches (REQ_CLI_EquipSet_BanditLight_06_Helmet)
08/22/2022 17:34:44 +02:00 [INF] 89C597:Requiem.esp - merged leveled lists from 4 patches (REQ_CLI_EquipSet_BanditLight_06_Dagger)
08/22/2022 17:34:44 +02:00 [INF] 89C59A:Requiem.esp - merged leveled lists from 4 patches (REQ_CLI_EquipSet_BanditLight_06_Bow)
08/22/2022 17:34:44 +02:00 [INF] 8A14F0:Requiem.esp - merged leveled lists from 4 patches (REQ_CLI_EquipSet_BanditLight_01_Scrolls)
08/22/2022 17:34:44 +02:00 [INF] 8A14F1:Requiem.esp - merged leveled lists from 2 patches (REQ_CLI_EquipSet_BanditLight_02_Scrolls)
08/22/2022 17:34:44 +02:00 [INF] 8A14F2:Requiem.esp - merged leveled lists from 2 patches (REQ_CLI_EquipSet_BanditLight_03_Scrolls)
08/22/2022 17:34:44 +02:00 [INF] 8A14F3:Requiem.esp - merged leveled lists from 4 patches (REQ_CLI_EquipSet_BanditLight_04_Scrolls)
08/22/2022 17:34:44 +02:00 [INF] 8A14F4:Requiem.esp - merged leveled lists from 3 patches (REQ_CLI_EquipSet_BanditLight_04_Staffs)
08/22/2022 17:34:44 +02:00 [INF] 8A14F5:Requiem.esp - merged leveled lists from 3 patches (REQ_CLI_EquipSet_BanditLight_05_Staffs)
08/22/2022 17:34:44 +02:00 [INF] 8A14F6:Requiem.esp - merged leveled lists from 2 patches (REQ_CLI_EquipSet_BanditLight_06_Staffs)
08/22/2022 17:34:44 +02:00 [INF] 8A14F7:Requiem.esp - merged leveled lists from 4 patches (REQ_CLI_EquipSet_BanditLight_05_Scrolls)
08/22/2022 17:34:44 +02:00 [INF] 8A14F8:Requiem.esp - merged leveled lists from 3 patches (REQ_CLI_EquipSet_BanditLight_06_Scrolls)
08/22/2022 17:34:44 +02:00 [INF] 8B02BD:Requiem.esp - merged leveled lists from 3 patches (REQ_LI_Loot_Bandit_01_Valuables)
08/22/2022 17:34:44 +02:00 [INF] 8B2A63:Requiem.esp - merged leveled lists from 3 patches (REQ_LI_Loot_Bandit_01_Potions)
08/22/2022 17:34:44 +02:00 [INF] 0B4224:Skyrim.esm - merged leveled lists from 2 patches (LItemEnchArmorLightShield)
08/22/2022 17:34:44 +02:00 [INF] 0B5093:Skyrim.esm - merged leveled lists from 2 patches (FiR_LItemEnchArmorHeavyShield)
08/22/2022 17:34:44 +02:00 [INF] 865BAC:Requiem.esp - merged leveled lists from 2 patches (FiR_REQ_CLI_EquipSet_BanditHeavy_01_Boots)
08/22/2022 17:34:44 +02:00 [INF] 865BAD:Requiem.esp - merged leveled lists from 2 patches (FiR_REQ_CLI_EquipSet_BanditHeavy_01_Cuirass)
08/22/2022 17:34:44 +02:00 [INF] 865BAE:Requiem.esp - merged leveled lists from 2 patches (FiR_REQ_CLI_EquipSet_BanditLight_01_Boots)
08/22/2022 17:34:44 +02:00 [INF] 865BAF:Requiem.esp - merged leveled lists from 2 patches (FiR_REQ_CLI_EquipSet_BanditLight_01_Cuirass)
08/22/2022 17:34:44 +02:00 [INF] 865BB0:Requiem.esp - merged leveled lists from 2 patches (FiR_REQ_CLI_EquipSet_BanditHeavy_01_Gauntlets)
08/22/2022 17:34:44 +02:00 [INF] 865BB1:Requiem.esp - merged leveled lists from 2 patches (FiR_REQ_CLI_EquipSet_BanditLight_01_Gauntlets)
08/22/2022 17:34:44 +02:00 [INF] 865BB2:Requiem.esp - merged leveled lists from 2 patches (FiR_REQ_CLI_EquipSet_BanditHeavy_01_Helmet)
08/22/2022 17:34:44 +02:00 [INF] 865BB3:Requiem.esp - merged leveled lists from 2 patches (FiR_REQ_CLI_EquipSet_BanditLight_01_Helmet)
08/22/2022 17:34:44 +02:00 [INF] 865BB4:Requiem.esp - merged leveled lists from 2 patches (FiR_REQ_CLI_EquipSet_BanditHeavy_01_Shield)
08/22/2022 17:34:44 +02:00 [INF] 865BB5:Requiem.esp - merged leveled lists from 2 patches (FiR_REQ_CLI_EquipSet_BanditLight_02_Shield)
08/22/2022 17:34:44 +02:00 [INF] 865BC3:Requiem.esp - merged leveled lists from 2 patches (FiR_REQ_CLI_EquipSet_BanditHeavy_01_Mace)
08/22/2022 17:34:44 +02:00 [INF] 865BC4:Requiem.esp - merged leveled lists from 2 patches (REQ_CLI_EquipSet_BanditHeavy_03_Mace)
08/22/2022 17:34:44 +02:00 [INF] 868378:Requiem.esp - merged leveled lists from 2 patches (FiR_REQ_CLI_EquipSet_BanditHeavy_01_Sword)
08/22/2022 17:34:44 +02:00 [INF] 868379:Requiem.esp - merged leveled lists from 2 patches (REQ_CLI_EquipSet_BanditHeavy_03_Sword)
08/22/2022 17:34:44 +02:00 [INF] 86837B:Requiem.esp - merged leveled lists from 2 patches (FiR_REQ_CLI_EquipSet_BanditHeavy_01_Axe)
08/22/2022 17:34:44 +02:00 [INF] 86837C:Requiem.esp - merged leveled lists from 2 patches (REQ_CLI_EquipSet_BanditHeavy_03_Axe)
08/22/2022 17:34:44 +02:00 [INF] 86D2DA:Requiem.esp - merged leveled lists from 2 patches (FiR_REQ_CLI_EquipSet_BanditHeavy_01_BattleAxe)
08/22/2022 17:34:44 +02:00 [INF] 86D2DB:Requiem.esp - merged leveled lists from 2 patches (REQ_CLI_EquipSet_BanditHeavy_03_BattleAxe)
08/22/2022 17:34:44 +02:00 [INF] 86D2DD:Requiem.esp - merged leveled lists from 2 patches (FiR_REQ_CLI_EquipSet_BanditHeavy_01_GreatSword)
08/22/2022 17:34:44 +02:00 [INF] 86D2DE:Requiem.esp - merged leveled lists from 2 patches (REQ_CLI_EquipSet_BanditHeavy_03_GreatSword)
08/22/2022 17:34:44 +02:00 [INF] 87990E:Requiem.esp - merged leveled lists from 2 patches (FiR_REQ_CLI_EquipSet_BanditLight_01_Bow)
08/22/2022 17:34:44 +02:00 [INF] 87990F:Requiem.esp - merged leveled lists from 2 patches (REQ_CLI_EquipSet_BanditLight_03_Bow)
08/22/2022 17:34:44 +02:00 [INF] 879910:Requiem.esp - merged leveled lists from 2 patches (FiR_REQ_CLI_EquipSet_BanditLight_01_CrossBow)
08/22/2022 17:34:44 +02:00 [INF] 879911:Requiem.esp - merged leveled lists from 2 patches (REQ_CLI_EquipSet_BanditLight_02_CrossBow)
08/22/2022 17:34:44 +02:00 [INF] 879912:Requiem.esp - merged leveled lists from 2 patches (REQ_CLI_EquipSet_BanditLight_03_CrossBow)
08/22/2022 17:34:44 +02:00 [INF] 87C0B3:Requiem.esp - merged leveled lists from 2 patches (REQ_CLI_EquipSet_BanditLight_01_Boots)
08/22/2022 17:34:44 +02:00 [INF] 87E84E:Requiem.esp - merged leveled lists from 2 patches (REQ_CLI_EquipSet_BanditLight_02_Boots)
08/22/2022 17:34:44 +02:00 [INF] 87E84F:Requiem.esp - merged leveled lists from 2 patches (FiR_REQ_CLI_EquipSet_BanditLight_02_Boots)
08/22/2022 17:34:44 +02:00 [INF] 87E850:Requiem.esp - merged leveled lists from 2 patches (REQ_CLI_EquipSet_BanditLight_01_Cuirass)
08/22/2022 17:34:44 +02:00 [INF] 87E851:Requiem.esp - merged leveled lists from 2 patches (REQ_CLI_EquipSet_BanditLight_02_Cuirass)
08/22/2022 17:34:44 +02:00 [INF] 87E852:Requiem.esp - merged leveled lists from 2 patches (FiR_REQ_CLI_EquipSet_BanditLight_02_Cuirass)
08/22/2022 17:34:44 +02:00 [INF] 87E853:Requiem.esp - merged leveled lists from 2 patches (REQ_CLI_EquipSet_BanditLight_01_Gauntlets)
08/22/2022 17:34:44 +02:00 [INF] 87E854:Requiem.esp - merged leveled lists from 2 patches (REQ_CLI_EquipSet_BanditLight_02_Gauntlets)
08/22/2022 17:34:44 +02:00 [INF] 87E855:Requiem.esp - merged leveled lists from 2 patches (FiR_REQ_CLI_EquipSet_BanditLight_02_Gauntlets)
08/22/2022 17:34:44 +02:00 [INF] 87E856:Requiem.esp - merged leveled lists from 2 patches (REQ_CLI_EquipSet_BanditLight_01_Helmet)
08/22/2022 17:34:44 +02:00 [INF] 87E857:Requiem.esp - merged leveled lists from 2 patches (REQ_CLI_EquipSet_BanditLight_02_Helmet)
08/22/2022 17:34:44 +02:00 [INF] 87E858:Requiem.esp - merged leveled lists from 2 patches (FiR_REQ_CLI_EquipSet_BanditLight_02_Helmet)
08/22/2022 17:34:44 +02:00 [INF] 880FFA:Requiem.esp - merged leveled lists from 2 patches (FiR_REQ_CLI_EquipSet_BanditLight_01_Dagger)
08/22/2022 17:34:44 +02:00 [INF] 880FFB:Requiem.esp - merged leveled lists from 2 patches (REQ_CLI_EquipSet_BanditLight_03_Dagger)
08/22/2022 17:34:44 +02:00 [INF] 880FFD:Requiem.esp - merged leveled lists from 2 patches (FiR_REQ_CLI_EquipSet_BanditLight_01_Arrows)
08/22/2022 17:34:44 +02:00 [INF] 880FFE:Requiem.esp - merged leveled lists from 2 patches (REQ_CLI_EquipSet_BanditLight_03_Arrows)
08/22/2022 17:34:44 +02:00 [INF] 881003:Requiem.esp - merged leveled lists from 2 patches (FiR_REQ_CLI_EquipSet_BanditLight_01_Bolts)
08/22/2022 17:34:44 +02:00 [INF] 881005:Requiem.esp - merged leveled lists from 2 patches (REQ_CLI_EquipSet_BanditLight_02_Bolts)
08/22/2022 17:34:44 +02:00 [INF] 881006:Requiem.esp - merged leveled lists from 2 patches (REQ_CLI_EquipSet_BanditLight_03_Bolts)
08/22/2022 17:34:44 +02:00 [INF] 88AEF2:Requiem.esp - merged leveled lists from 2 patches (FiR_REQ_CLI_EquipSet_BanditHeavy_02_Boots)
08/22/2022 17:34:44 +02:00 [INF] 88D68F:Requiem.esp - merged leveled lists from 2 patches (FiR_REQ_CLI_EquipSet_BanditHeavy_02_Gauntlets)
08/22/2022 17:34:44 +02:00 [INF] 88D692:Requiem.esp - merged leveled lists from 2 patches (FiR_REQ_CLI_EquipSet_BanditHeavy_02_Helmet)
08/22/2022 17:34:44 +02:00 [INF] 88D6B5:Requiem.esp - merged leveled lists from 2 patches (FiR_REQ_CLI_EquipSet_BanditHeavy_02_Cuirass)
08/22/2022 17:34:44 +02:00 [INF] 88D6B8:Requiem.esp - merged leveled lists from 2 patches (FiR_REQ_CLI_EquipSet_BanditHeavy_02_Shield)
08/22/2022 17:34:44 +02:00 [INF] 89760A:Requiem.esp - merged leveled lists from 2 patches (FiR_REQ_CLI_EquipSet_BanditHeavy_02_GreatSword)
08/22/2022 17:34:44 +02:00 [INF] 89760B:Requiem.esp - merged leveled lists from 2 patches (REQ_CLI_EquipSet_BanditHeavy_05_GreatSword)
08/22/2022 17:34:44 +02:00 [INF] 89760D:Requiem.esp - merged leveled lists from 2 patches (FiR_REQ_CLI_EquipSet_BanditHeavy_02_BattleAxe)
08/22/2022 17:34:44 +02:00 [INF] 89760E:Requiem.esp - merged leveled lists from 2 patches (REQ_CLI_EquipSet_BanditHeavy_05_BattleAxe)
08/22/2022 17:34:44 +02:00 [INF] 897613:Requiem.esp - merged leveled lists from 2 patches (FiR_REQ_CLI_EquipSet_BanditHeavy_02_Axe)
08/22/2022 17:34:44 +02:00 [INF] 897614:Requiem.esp - merged leveled lists from 2 patches (REQ_CLI_EquipSet_BanditHeavy_05_Axe)
08/22/2022 17:34:44 +02:00 [INF] 897616:Requiem.esp - merged leveled lists from 2 patches (FiR_REQ_CLI_EquipSet_BanditHeavy_02_Mace)
08/22/2022 17:34:44 +02:00 [INF] 897617:Requiem.esp - merged leveled lists from 2 patches (REQ_CLI_EquipSet_BanditHeavy_05_Mace)
08/22/2022 17:34:44 +02:00 [INF] 897619:Requiem.esp - merged leveled lists from 2 patches (FiR_REQ_CLI_EquipSet_BanditHeavy_02_Sword)
08/22/2022 17:34:44 +02:00 [INF] 89761A:Requiem.esp - merged leveled lists from 2 patches (REQ_CLI_EquipSet_BanditHeavy_05_Sword)
08/22/2022 17:34:44 +02:00 [INF] 89C57D:Requiem.esp - merged leveled lists from 2 patches (REQ_CLI_EquipSet_BanditLight_04_Boots)
08/22/2022 17:34:44 +02:00 [INF] 89C580:Requiem.esp - merged leveled lists from 2 patches (REQ_CLI_EquipSet_BanditLight_04_Cuirass)
08/22/2022 17:34:44 +02:00 [INF] 89C583:Requiem.esp - merged leveled lists from 2 patches (REQ_CLI_EquipSet_BanditLight_04_Gauntlets)
08/22/2022 17:34:44 +02:00 [INF] 89C592:Requiem.esp - merged leveled lists from 2 patches (REQ_CLI_EquipSet_BanditLight_04_Helmet)
08/22/2022 17:34:44 +02:00 [INF] 89C595:Requiem.esp - merged leveled lists from 2 patches (FiR_REQ_CLI_EquipSet_BanditLight_02_Dagger)
08/22/2022 17:34:44 +02:00 [INF] 89C596:Requiem.esp - merged leveled lists from 2 patches (REQ_CLI_EquipSet_BanditLight_05_Dagger)
08/22/2022 17:34:44 +02:00 [INF] 89C598:Requiem.esp - merged leveled lists from 2 patches (FiR_REQ_CLI_EquipSet_BanditLight_02_Bow)
08/22/2022 17:34:44 +02:00 [INF] 89C599:Requiem.esp - merged leveled lists from 2 patches (REQ_CLI_EquipSet_BanditLight_05_Bow)
08/22/2022 17:34:44 +02:00 [INF] 89C59B:Requiem.esp - merged leveled lists from 2 patches (FiR_REQ_CLI_EquipSet_BanditLight_02_CrossBow)
08/22/2022 17:34:44 +02:00 [INF] 89C59C:Requiem.esp - merged leveled lists from 2 patches (REQ_CLI_EquipSet_BanditLight_05_CrossBow)
08/22/2022 17:34:44 +02:00 [INF] 89C59D:Requiem.esp - merged leveled lists from 2 patches (FiR_REQ_CLI_EquipSet_BanditLight_03_CrossBow)
08/22/2022 17:34:44 +02:00 [INF] 89ED38:Requiem.esp - merged leveled lists from 2 patches (FiR_REQ_CLI_EquipSet_BanditLight_02_Arrows)
08/22/2022 17:34:44 +02:00 [INF] 89ED3A:Requiem.esp - merged leveled lists from 2 patches (FiR_REQ_CLI_EquipSet_BanditLight_03_Arrows)
08/22/2022 17:34:44 +02:00 [INF] 89ED3B:Requiem.esp - merged leveled lists from 2 patches (FiR_REQ_CLI_EquipSet_BanditLight_02_Bolts)
08/22/2022 17:34:44 +02:00 [INF] 89ED3C:Requiem.esp - merged leveled lists from 2 patches (REQ_CLI_EquipSet_BanditLight_05_Bolts)
08/22/2022 17:34:44 +02:00 [INF] 89ED3D:Requiem.esp - merged leveled lists from 2 patches (FiR_REQ_CLI_EquipSet_BanditLight_03_Bolts)
08/22/2022 17:34:44 +02:00 [INF] 8B02C0:Requiem.esp - merged leveled lists from 2 patches (REQ_CLI_Loot_Bandit_01_Drink)
08/22/2022 17:34:44 +02:00 [INF] 8B2A5C:Requiem.esp - merged leveled lists from 2 patches (REQ_LI_Loot_Bandit_01_Food)
08/22/2022 17:34:44 +02:00 [INF] 8B2A5F:Requiem.esp - merged leveled lists from 2 patches (REQ_CLI_Loot_Bandit_01_Skooma)
08/22/2022 17:34:44 +02:00 [INF] 8B2A60:Requiem.esp - merged leveled lists from 2 patches (REQ_CLI_Loot_Bandit_05_Skooma)
08/22/2022 17:34:44 +02:00 [INF] 8B2A64:Requiem.esp - merged leveled lists from 2 patches (REQ_CLI_Loot_Bandit_05_Potions)
08/22/2022 17:34:44 +02:00 [INF] 09BC41:Skyrim.esm - merged leveled lists from 2 patches (LItemWeaponGreatSwordBlacksmith)
08/22/2022 17:34:44 +02:00 [INF] 09BC45:Skyrim.esm - merged leveled lists from 2 patches (LItemWeaponWarhammerBlacksmith)
08/22/2022 17:34:44 +02:00 [INF] 0F6283:Skyrim.esm - merged leveled lists from 2 patches (LItemBlacksmithMinGreatsword)
08/22/2022 17:34:44 +02:00 [INF] 0F6284:Skyrim.esm - merged leveled lists from 2 patches (LItemBlacksmithMinWarhammer)
08/22/2022 17:34:44 +02:00 [INF]  - Reqtificator state: Patching... Leveled Characters ()
08/22/2022 17:34:44 +02:00 [INF] 01E772:Skyrim.esm - merged leveled lists from 3 patches (LCharDraugrMelee2HMale)
08/22/2022 17:34:44 +02:00 [INF] 01E773:Skyrim.esm - merged leveled lists from 2 patches (LCharDraugrCompanion)
08/22/2022 17:34:44 +02:00 [INF] 01E775:Skyrim.esm - merged leveled lists from 2 patches (LCharVampireCompanion)
08/22/2022 17:34:44 +02:00 [INF] 01E777:Skyrim.esm - merged leveled lists from 2 patches (LCharWarlockNecromancer)
08/22/2022 17:34:44 +02:00 [INF] 01E77D:Skyrim.esm - merged leveled lists from 2 patches (LCharFalmerMelee)
08/22/2022 17:34:44 +02:00 [INF] 01E77E:Skyrim.esm - merged leveled lists from 2 patches (LCharFalmerMissile)
08/22/2022 17:34:44 +02:00 [INF] 01E77F:Skyrim.esm - merged leveled lists from 2 patches (LCharFalmerShaman)
08/22/2022 17:34:44 +02:00 [INF] 01E783:Skyrim.esm - merged leveled lists from 2 patches (LCharDwarvenAutomaton)
08/22/2022 17:34:44 +02:00 [INF] 01E786:Skyrim.esm - merged leveled lists from 2 patches (LCharFalmerCompanion)
08/22/2022 17:34:44 +02:00 [INF] 01E792:Skyrim.esm - merged leveled lists from 2 patches (LCharForswornMelee1H)
08/22/2022 17:34:44 +02:00 [INF] 01E794:Skyrim.esm - merged leveled lists from 2 patches (LCharForswornMissile)
08/22/2022 17:34:44 +02:00 [INF] 01E795:Skyrim.esm - merged leveled lists from 2 patches (LCharForswornShaman)
08/22/2022 17:34:44 +02:00 [INF] 01E7AA:Skyrim.esm - merged leveled lists from 3 patches (LCharDraugrMissile)
08/22/2022 17:34:44 +02:00 [INF] 01E7AB:Skyrim.esm - merged leveled lists from 3 patches (LCharDraugrWarlock)
08/22/2022 17:34:44 +02:00 [INF] 01E7D1:Skyrim.esm - merged leveled lists from 2 patches (LCharWarlockFire)
08/22/2022 17:34:44 +02:00 [INF] 01E7D2:Skyrim.esm - merged leveled lists from 2 patches (LCharWarlockIce)
08/22/2022 17:34:44 +02:00 [INF] 01E7D3:Skyrim.esm - merged leveled lists from 2 patches (LCharWarlockStorm)
08/22/2022 17:34:44 +02:00 [INF] 02D2D4:Skyrim.esm - merged leveled lists from 2 patches (LCharSkeletonMeleeMixed)
08/22/2022 17:34:44 +02:00 [INF] 033973:Skyrim.esm - merged leveled lists from 2 patches (LCharVampire)
08/22/2022 17:34:44 +02:00 [INF] 0339A9:Skyrim.esm - merged leveled lists from 2 patches (LCharVampireBoss)
08/22/2022 17:34:44 +02:00 [INF] 03BCC0:Skyrim.esm - merged leveled lists from 3 patches (LCharDraugrMissileFemale)
08/22/2022 17:34:44 +02:00 [INF] 03BCC1:Skyrim.esm - merged leveled lists from 3 patches (LCharDraugrWarlockFemale)
08/22/2022 17:34:44 +02:00 [INF] 042480:Skyrim.esm - merged leveled lists from 3 patches (LCharDraugrBoss)
08/22/2022 17:34:44 +02:00 [INF] 042482:Skyrim.esm - merged leveled lists from 2 patches (LCharDraugr05BossWithDragonPriest)
08/22/2022 17:34:44 +02:00 [INF] 0442C8:Skyrim.esm - merged leveled lists from 2 patches (LCharForswornMeleeFemale)
08/22/2022 17:34:44 +02:00 [INF] 0442C9:Skyrim.esm - merged leveled lists from 2 patches (LCharForswornMissileFemale)
08/22/2022 17:34:44 +02:00 [INF] 0442F2:Skyrim.esm - merged leveled lists from 2 patches (LCharForswornBossMelee1H)
08/22/2022 17:34:44 +02:00 [INF] 0442FD:Skyrim.esm - merged leveled lists from 2 patches (LCharForswornBossShaman)
08/22/2022 17:34:44 +02:00 [INF] 048DEA:Skyrim.esm - merged leveled lists from 3 patches (LCharDraugrMeleeHelmet2HMale)
08/22/2022 17:34:44 +02:00 [INF] 05238F:Skyrim.esm - merged leveled lists from 2 patches (LCharFalmerBoss)
08/22/2022 17:34:44 +02:00 [INF] 055936:Skyrim.esm - merged leveled lists from 3 patches (LCharDraugrMelee1HMale)
08/22/2022 17:34:44 +02:00 [INF] 0567C9:Skyrim.esm - merged leveled lists from 3 patches (LCharDraugrMeleeHelmet1HMale)
08/22/2022 17:34:44 +02:00 [INF] 05EACF:Skyrim.esm - merged leveled lists from 2 patches (LCharDragonAny)
08/22/2022 17:34:44 +02:00 [INF] 063229:Skyrim.esm - merged leveled lists from 2 patches (LCharFalmerSpellsword)
08/22/2022 17:34:44 +02:00 [INF] 0640B8:Skyrim.esm - merged leveled lists from 2 patches (LCharDraugrCompanionFrost)
08/22/2022 17:34:44 +02:00 [INF] 0640BC:Skyrim.esm - merged leveled lists from 2 patches (LCharFalmerCompanionFrost)
08/22/2022 17:34:44 +02:00 [INF] 0640BE:Skyrim.esm - merged leveled lists from 2 patches (LCharVampireCompanionFrost)
08/22/2022 17:34:44 +02:00 [INF] 064A36:Skyrim.esm - merged leveled lists from 2 patches (DA13LCharAfflictedMelee1H)
08/22/2022 17:34:44 +02:00 [INF] 064A6F:Skyrim.esm - merged leveled lists from 2 patches (DA13LCharAfflictedWizard)
08/22/2022 17:34:44 +02:00 [INF] 064A8E:Skyrim.esm - merged leveled lists from 2 patches (DA13LCharAfflictedMelee1HTank)
08/22/2022 17:34:44 +02:00 [INF] 06D269:Skyrim.esm - merged leveled lists from 2 patches (LCharWarlockConjurer)
08/22/2022 17:34:44 +02:00 [INF] 07DD12:Skyrim.esm - merged leveled lists from 2 patches (DA13LCharAfflictedMissile)
08/22/2022 17:34:44 +02:00 [INF] 081ED1:Skyrim.esm - merged leveled lists from 2 patches (LCharWarlockConjurerDarkElfF)
08/22/2022 17:34:44 +02:00 [INF] 081ED2:Skyrim.esm - merged leveled lists from 2 patches (LCharWarlockConjurerDarkElfM)
08/22/2022 17:34:44 +02:00 [INF] 081ED4:Skyrim.esm - merged leveled lists from 2 patches (LCharWarlockConjurerElfHaughtyF)
08/22/2022 17:34:44 +02:00 [INF] 081ED5:Skyrim.esm - merged leveled lists from 2 patches (LCharWarlockConjurerElfHaughtyM)
08/22/2022 17:34:44 +02:00 [INF] 081ED7:Skyrim.esm - merged leveled lists from 2 patches (LCharWarlockFireBossFemaleElfHaughty)
08/22/2022 17:34:44 +02:00 [INF] 081ED8:Skyrim.esm - merged leveled lists from 2 patches (LCharWarlockFireCondescendingM)
08/22/2022 17:34:44 +02:00 [INF] 081ED9:Skyrim.esm - merged leveled lists from 2 patches (LCharWarlockFireDarkElfF)
08/22/2022 17:34:44 +02:00 [INF] 081EDA:Skyrim.esm - merged leveled lists from 2 patches (LCharWarlockFireDarkElfM)
08/22/2022 17:34:44 +02:00 [INF] 081EDB:Skyrim.esm - merged leveled lists from 2 patches (LCharWarlockFireElfHaughtyF)
08/22/2022 17:34:44 +02:00 [INF] 081EDC:Skyrim.esm - merged leveled lists from 2 patches (LCharWarlockFireElfHaughtyM)
08/22/2022 17:34:44 +02:00 [INF] 081EE8:Skyrim.esm - merged leveled lists from 2 patches (LCharWarlockIceBossFemaleElfHaughty)
08/22/2022 17:34:44 +02:00 [INF] 081EE9:Skyrim.esm - merged leveled lists from 2 patches (LCharWarlockIceCondescendingM)
08/22/2022 17:34:44 +02:00 [INF] 081EEA:Skyrim.esm - merged leveled lists from 2 patches (LCharWarlockIceElfHaughtyF)
08/22/2022 17:34:44 +02:00 [INF] 081EEB:Skyrim.esm - merged leveled lists from 2 patches (LCharWarlockIceElfHaughtyM)
08/22/2022 17:34:44 +02:00 [INF] 081EEC:Skyrim.esm - merged leveled lists from 2 patches (LCharWarlockIceNordF)
08/22/2022 17:34:44 +02:00 [INF] 081EED:Skyrim.esm - merged leveled lists from 2 patches (LCharWarlockIceNordM)
08/22/2022 17:34:44 +02:00 [INF] 081EF0:Skyrim.esm - merged leveled lists from 2 patches (LCharWarlockNecroDarkElfF)
08/22/2022 17:34:44 +02:00 [INF] 081EF1:Skyrim.esm - merged leveled lists from 2 patches (LCharWarlockNecroDarkElfM)
08/22/2022 17:34:44 +02:00 [INF] 081EF2:Skyrim.esm - merged leveled lists from 2 patches (LCharWarlockNecroElfHaughtyF)
08/22/2022 17:34:44 +02:00 [INF] 081EF3:Skyrim.esm - merged leveled lists from 2 patches (LCharWarlockNecroBossMaleElfHaughty)
08/22/2022 17:34:44 +02:00 [INF] 081EFA:Skyrim.esm - merged leveled lists from 2 patches (LCharWarlockStormBossFemaleElfHaughty)
08/22/2022 17:34:44 +02:00 [INF] 081EFB:Skyrim.esm - merged leveled lists from 2 patches (LCharWarlockStormCondescendingM)
08/22/2022 17:34:44 +02:00 [INF] 081EFC:Skyrim.esm - merged leveled lists from 2 patches (LCharWarlockStormDarkElfF)
08/22/2022 17:34:44 +02:00 [INF] 081EFD:Skyrim.esm - merged leveled lists from 2 patches (LCharWarlockStormDarkElfM)
08/22/2022 17:34:44 +02:00 [INF] 081EFE:Skyrim.esm - merged leveled lists from 2 patches (LCharWarlockStormElfHaughtyF)
08/22/2022 17:34:44 +02:00 [INF] 081EFF:Skyrim.esm - merged leveled lists from 2 patches (LCharWarlockStormElfHaughtyM)
08/22/2022 17:34:44 +02:00 [INF] 0A6844:Skyrim.esm - merged leveled lists from 3 patches (LCharDraugrMissileMale)
08/22/2022 17:34:44 +02:00 [INF] 0BF7A9:Skyrim.esm - merged leveled lists from 2 patches (LCharDraugrMelee1HFemale)
08/22/2022 17:34:44 +02:00 [INF] 0BF7AD:Skyrim.esm - merged leveled lists from 2 patches (LCharDraugrMelee2HFemale)
08/22/2022 17:34:44 +02:00 [INF] 0BF7AF:Skyrim.esm - merged leveled lists from 3 patches (LCharDraugrMeleeHelmet1HFemale)
08/22/2022 17:34:44 +02:00 [INF] 0BF7B1:Skyrim.esm - merged leveled lists from 3 patches (LCharDraugrMeleeHelmet2HFemale)
08/22/2022 17:34:44 +02:00 [INF] 0BF7BB:Skyrim.esm - merged leveled lists from 3 patches (LCharDraugrWarlockMale)
08/22/2022 17:34:44 +02:00 [INF] 0CAB99:Skyrim.esm - merged leveled lists from 2 patches (LCharWarlockFireOmit01)
08/22/2022 17:34:44 +02:00 [INF] 0CABA2:Skyrim.esm - merged leveled lists from 2 patches (LCharWarlockIceOmit01)
08/22/2022 17:34:44 +02:00 [INF] 0D5C47:Skyrim.esm - merged leveled lists from 2 patches (LCharWarlockStormOmit01)
08/22/2022 17:34:44 +02:00 [INF] 0D5C48:Skyrim.esm - merged leveled lists from 2 patches (LCharWarlockConjurerOmit01)
08/22/2022 17:34:44 +02:00 [INF] 0D5C49:Skyrim.esm - merged leveled lists from 2 patches (LCharWarlockNecroOmit01)
08/22/2022 17:34:44 +02:00 [INF] 0DD9D8:Skyrim.esm - merged leveled lists from 3 patches (LCharDraugrBossNoDragonPriest)
08/22/2022 17:34:44 +02:00 [INF] 0E0FFD:Skyrim.esm - merged leveled lists from 2 patches (LCharWarlockBossConjurer)
08/22/2022 17:34:44 +02:00 [INF] 0E1018:Skyrim.esm - merged leveled lists from 2 patches (LCharWarlockBossFire)
08/22/2022 17:34:44 +02:00 [INF] 0E1032:Skyrim.esm - merged leveled lists from 2 patches (LCharWarlockBossIce)
08/22/2022 17:34:44 +02:00 [INF] 0E104F:Skyrim.esm - merged leveled lists from 2 patches (LCharWarlockBossNecro)
08/22/2022 17:34:44 +02:00 [INF] 0E106A:Skyrim.esm - merged leveled lists from 2 patches (LCharWarlockBossStorm)
08/22/2022 17:34:44 +02:00 [INF] 0E106C:Skyrim.esm - merged leveled lists from 2 patches (LCharWarlockBossStormMaleElfHaughy)
08/22/2022 17:34:44 +02:00 [INF] 0E106D:Skyrim.esm - merged leveled lists from 2 patches (LCharWarlockBossNecroMaleCondescending)
08/22/2022 17:34:44 +02:00 [INF] 0E2217:Skyrim.esm - merged leveled lists from 2 patches (LCharWarlockBossNecroFemaleCondescending)
08/22/2022 17:34:44 +02:00 [INF] 0F8A4D:Skyrim.esm - merged leveled lists from 3 patches (MQ104LCharDragon)
08/22/2022 17:34:44 +02:00 [INF] 0F961C:Skyrim.esm - merged leveled lists from 2 patches (LCharForswordBerserker)
08/22/2022 17:34:44 +02:00 [INF] 00633A:Dawnguard.esm - merged leveled lists from 2 patches (LCharVampireBossDLC1MaleVampireDarkElf)
08/22/2022 17:34:44 +02:00 [INF] 00D09B:Dawnguard.esm - merged leveled lists from 2 patches (DLC1LCharVampireFSultry)
08/22/2022 17:34:44 +02:00 [INF] 00D0AC:Dawnguard.esm - merged leveled lists from 2 patches (DLC1LCharVampireFCondescending)
08/22/2022 17:34:44 +02:00 [INF] 00F4FE:Dawnguard.esm - merged leveled lists from 2 patches (LCharVampireBossDLC1MaleVampireNordM)
08/22/2022 17:34:44 +02:00 [INF] 00F508:Dawnguard.esm - merged leveled lists from 2 patches (DLC1LCharVampireFVampire)
08/22/2022 17:34:44 +02:00 [INF] 01223D:Dawnguard.esm - merged leveled lists from 2 patches (DLC1LCharVampireMaleNordM)
08/22/2022 17:34:44 +02:00 [INF] 014C6A:Dawnguard.esm - merged leveled lists from 2 patches (DLC1LCharVampireBossImperialM)
08/22/2022 17:34:44 +02:00 [INF] 8A8BED:Requiem.esp - merged leveled lists from 2 patches (REQ_CLChar_Spawns_Bandit_Trickster)
08/22/2022 17:34:44 +02:00 [INF]  - Reqtificator state: Patching... Armors ()
08/22/2022 17:34:44 +02:00 [ERR]  - things did not go according to plan ()
Reqtificator.Exceptions.RecordProcessingException`1[Mutagen.Bethesda.Skyrim.IArmorGetter]: A problem was encountered while processing '01EF1A:Reflyem.esp' (Reflyem_BeggarChest), last modified by 'Reflyem.esp': BODT type not expected on versions >= 44
 ---> System.ArgumentException: BODT type not expected on versions >= 44
   at Mutagen.Bethesda.Skyrim.Internals.BodyTemplateBinaryOverlay.CustomFactory(OverlayStream stream, BinaryOverlayFactoryPackage package)
   at Mutagen.Bethesda.Skyrim.Internals.ArmorBinaryOverlay.GetBodyTemplateCustom()
   at Mutagen.Bethesda.Skyrim.Internals.ArmorBinaryOverlay.get_BodyTemplate()
   at Reqtificator.Transformers.Armors.ArmorTypeKeyword.Process(TransformationResult`2 input) in C:\Skyrim Tools\Mod Organizer SSE\mods\requiem-special-edition\components\mutagen-reqtificator\Reqtificator\Transformers\Armors\ArmorTypeKeyword.cs:line 15
   at Reqtificator.Transformers.ChainedTransformer`3.Process(TransformationResult`2 input) in C:\Skyrim Tools\Mod Organizer SSE\mods\requiem-special-edition\components\mutagen-reqtificator\Reqtificator\Transformers\ChainedTransformer.cs:line 18
   at Reqtificator.Transformers.ChainedTransformer`3.Process(TransformationResult`2 input) in C:\Skyrim Tools\Mod Organizer SSE\mods\requiem-special-edition\components\mutagen-reqtificator\Reqtificator\Transformers\ChainedTransformer.cs:line 18
   at Reqtificator.Transformers.Transformer`3.<>c__DisplayClass2_0.<PatchRecord>b__0() in C:\Skyrim Tools\Mod Organizer SSE\mods\requiem-special-edition\components\mutagen-reqtificator\Reqtificator\Transformers\Transformer.cs:line 32
   --- End of inner exception stack trace ---
   at Reqtificator.Transformers.Transformer`3.<>c__DisplayClass2_0.<PatchRecord>b__0() in C:\Skyrim Tools\Mod Organizer SSE\mods\requiem-special-edition\components\mutagen-reqtificator\Reqtificator\Transformers\Transformer.cs:line 36
   at Reqtificator.LogUtils.<>c__DisplayClass1_0`1.<WithRecordContextLog>b__0(Func`1 f) in C:\Skyrim Tools\Mod Organizer SSE\mods\requiem-special-edition\components\mutagen-reqtificator\Reqtificator\LogUtils.cs:line 41
   at Reqtificator.Transformers.Transformer`3.PatchRecord(IModContext`4 context) in C:\Skyrim Tools\Mod Organizer SSE\mods\requiem-special-edition\components\mutagen-reqtificator\Reqtificator\Transformers\Transformer.cs:line 28
   at System.Linq.Enumerable.SelectEnumerableIterator`2.MoveNext()
   at Noggog.EnumerableExt.WhereCastable[T,R](IEnumerable`1 en)+MoveNext() in D:\a\CSharpExt\CSharpExt\Noggog.CSharpExt\Extensions\EnumerableExt.cs:line 216
   at System.Linq.Enumerable.SelectEnumerableIterator`2.ToArray()
   at System.Collections.Immutable.ImmutableExtensions.FallbackWrapper`1.get_Count()
   at System.Collections.Immutable.ImmutableList`1.CreateRange(IEnumerable`1 items)
   at System.Collections.Immutable.ImmutableList`1.AddRange(IEnumerable`1 items)
   at System.Collections.Immutable.ImmutableList.ToImmutableList[TSource](IEnumerable`1 source)
   at Reqtificator.Transformers.Transformer`3.ProcessCollection(IEnumerable`1 records) in C:\Skyrim Tools\Mod Organizer SSE\mods\requiem-special-edition\components\mutagen-reqtificator\Reqtificator\Transformers\Transformer.cs:line 20
   at Reqtificator.MainLogicExecutor.<>c__DisplayClass14_0.<PatchArmors>b__1(ImmutableList`1 rules) in C:\Skyrim Tools\Mod Organizer SSE\mods\requiem-special-edition\components\mutagen-reqtificator\Reqtificator\MainLogicExecutor.cs:line 244
   at Reqtificator.Success`1.Map[T2](Func`2 func) in C:\Skyrim Tools\Mod Organizer SSE\mods\requiem-special-edition\components\mutagen-reqtificator\Reqtificator\ErrorOr.cs:line 17
   at Reqtificator.MainLogicExecutor.PatchArmors(ILoadOrder`1 loadOrder) in C:\Skyrim Tools\Mod Organizer SSE\mods\requiem-special-edition\components\mutagen-reqtificator\Reqtificator\MainLogicExecutor.cs:line 243
   at Reqtificator.MainLogicExecutor.GeneratePatch(ILoadOrder`1 loadOrder, UserSettings userSettings, ModKey outputModKey) in C:\Skyrim Tools\Mod Organizer SSE\mods\requiem-special-edition\components\mutagen-reqtificator\Reqtificator\MainLogicExecutor.cs:line 101
   at Reqtificator.Backend.GeneratePatch(ILoadOrder`1 loadOrder, UserSettings userConfig, ModKey patchModKey) in C:\Skyrim Tools\Mod Organizer SSE\mods\requiem-special-edition\components\mutagen-reqtificator\Reqtificator\Backend.cs:line 153
08/22/2022 17:34:44 +02:00 [INF]  - Reqtificator state: Patch Failed ()
08/22/2022 17:34:44 +02:00 [INF]  - Patching Result: ERROR ()
08/22/2022 17:34:49 +02:00 [ERR]  - Patching process failed! ()
Reqtificator.Exceptions.RecordProcessingException`1[Mutagen.Bethesda.Skyrim.IArmorGetter]: A problem was encountered while processing '01EF1A:Reflyem.esp' (Reflyem_BeggarChest), last modified by 'Reflyem.esp': BODT type not expected on versions >= 44
 ---> System.ArgumentException: BODT type not expected on versions >= 44
   at Mutagen.Bethesda.Skyrim.Internals.BodyTemplateBinaryOverlay.CustomFactory(OverlayStream stream, BinaryOverlayFactoryPackage package)
   at Mutagen.Bethesda.Skyrim.Internals.ArmorBinaryOverlay.GetBodyTemplateCustom()
   at Mutagen.Bethesda.Skyrim.Internals.ArmorBinaryOverlay.get_BodyTemplate()
   at Reqtificator.Transformers.Armors.ArmorTypeKeyword.Process(TransformationResult`2 input) in C:\Skyrim Tools\Mod Organizer SSE\mods\requiem-special-edition\components\mutagen-reqtificator\Reqtificator\Transformers\Armors\ArmorTypeKeyword.cs:line 15
   at Reqtificator.Transformers.ChainedTransformer`3.Process(TransformationResult`2 input) in C:\Skyrim Tools\Mod Organizer SSE\mods\requiem-special-edition\components\mutagen-reqtificator\Reqtificator\Transformers\ChainedTransformer.cs:line 18
   at Reqtificator.Transformers.ChainedTransformer`3.Process(TransformationResult`2 input) in C:\Skyrim Tools\Mod Organizer SSE\mods\requiem-special-edition\components\mutagen-reqtificator\Reqtificator\Transformers\ChainedTransformer.cs:line 18
   at Reqtificator.Transformers.Transformer`3.<>c__DisplayClass2_0.<PatchRecord>b__0() in C:\Skyrim Tools\Mod Organizer SSE\mods\requiem-special-edition\components\mutagen-reqtificator\Reqtificator\Transformers\Transformer.cs:line 32
   --- End of inner exception stack trace ---
   at Reqtificator.Transformers.Transformer`3.<>c__DisplayClass2_0.<PatchRecord>b__0() in C:\Skyrim Tools\Mod Organizer SSE\mods\requiem-special-edition\components\mutagen-reqtificator\Reqtificator\Transformers\Transformer.cs:line 36
   at Reqtificator.LogUtils.<>c__DisplayClass1_0`1.<WithRecordContextLog>b__0(Func`1 f) in C:\Skyrim Tools\Mod Organizer SSE\mods\requiem-special-edition\components\mutagen-reqtificator\Reqtificator\LogUtils.cs:line 41
   at Reqtificator.Transformers.Transformer`3.PatchRecord(IModContext`4 context) in C:\Skyrim Tools\Mod Organizer SSE\mods\requiem-special-edition\components\mutagen-reqtificator\Reqtificator\Transformers\Transformer.cs:line 28
   at System.Linq.Enumerable.SelectEnumerableIterator`2.MoveNext()
   at Noggog.EnumerableExt.WhereCastable[T,R](IEnumerable`1 en)+MoveNext() in D:\a\CSharpExt\CSharpExt\Noggog.CSharpExt\Extensions\EnumerableExt.cs:line 216
   at System.Linq.Enumerable.SelectEnumerableIterator`2.ToArray()
   at System.Collections.Immutable.ImmutableExtensions.FallbackWrapper`1.get_Count()
   at System.Collections.Immutable.ImmutableList`1.CreateRange(IEnumerable`1 items)
   at System.Collections.Immutable.ImmutableList`1.AddRange(IEnumerable`1 items)
   at System.Collections.Immutable.ImmutableList.ToImmutableList[TSource](IEnumerable`1 source)
   at Reqtificator.Transformers.Transformer`3.ProcessCollection(IEnumerable`1 records) in C:\Skyrim Tools\Mod Organizer SSE\mods\requiem-special-edition\components\mutagen-reqtificator\Reqtificator\Transformers\Transformer.cs:line 20
   at Reqtificator.MainLogicExecutor.<>c__DisplayClass14_0.<PatchArmors>b__1(ImmutableList`1 rules) in C:\Skyrim Tools\Mod Organizer SSE\mods\requiem-special-edition\components\mutagen-reqtificator\Reqtificator\MainLogicExecutor.cs:line 244
   at Reqtificator.Success`1.Map[T2](Func`2 func) in C:\Skyrim Tools\Mod Organizer SSE\mods\requiem-special-edition\components\mutagen-reqtificator\Reqtificator\ErrorOr.cs:line 17
   at Reqtificator.MainLogicExecutor.PatchArmors(ILoadOrder`1 loadOrder) in C:\Skyrim Tools\Mod Organizer SSE\mods\requiem-special-edition\components\mutagen-reqtificator\Reqtificator\MainLogicExecutor.cs:line 243
   at Reqtificator.MainLogicExecutor.GeneratePatch(ILoadOrder`1 loadOrder, UserSettings userSettings, ModKey outputModKey) in C:\Skyrim Tools\Mod Organizer SSE\mods\requiem-special-edition\components\mutagen-reqtificator\Reqtificator\MainLogicExecutor.cs:line 101
   at Reqtificator.Backend.GeneratePatch(ILoadOrder`1 loadOrder, UserSettings userConfig, ModKey patchModKey) in C:\Skyrim Tools\Mod Organizer SSE\mods\requiem-special-edition\components\mutagen-reqtificator\Reqtificator\Backend.cs:line 153
   at Reqtificator.Backend.HandlePatchRequest(UserSettings updatedSettings, ILoadOrder`1 loadOrder) in C:\Skyrim Tools\Mod Organizer SSE\mods\requiem-special-edition\components\mutagen-reqtificator\Reqtificator\Backend.cs:line 100
08/22/2022 17:34:49 +02:00 [INF]  - Reqtificator state: Patch Failed ()
