08/30/2022 18:22:29 +02:00 [INF]  - Starting the Reqtificator ()
08/30/2022 18:22:30 +02:00 [INF]  - working directory: C:\Skyrim Anniversary Edition\data ()
08/30/2022 18:22:30 +02:00 [INF]  - patcher version: Requiem 5.2.2 - "The Gathering Storm" ()
08/30/2022 18:22:30 +02:00 [INF]  - build git branch: master ()
08/30/2022 18:22:30 +02:00 [INF]  - build git revision: 3448bb55e8aa7c9e91581271656d19c92e1bfb24 ()
08/30/2022 18:22:30 +02:00 [INF]  - load order: ()
08/30/2022 18:22:30 +02:00 [INF]  -   0 - Skyrim.esm ()
08/30/2022 18:22:30 +02:00 [INF]  -   1 - Update.esm ()
08/30/2022 18:22:30 +02:00 [INF]  -   2 - Dawnguard.esm ()
08/30/2022 18:22:30 +02:00 [INF]  -   3 - HearthFires.esm ()
08/30/2022 18:22:30 +02:00 [INF]  -   4 - Dragonborn.esm ()
08/30/2022 18:22:30 +02:00 [INF]  -   5 - ccASVSSE001-ALMSIVI.esm ()
08/30/2022 18:22:30 +02:00 [INF]  -   6 - ccBGSSSE001-Fish.esm ()
08/30/2022 18:22:30 +02:00 [INF]  -   7 - ccTWBSSE001-PuzzleDungeon.esm ()
08/30/2022 18:22:30 +02:00 [INF]  -   8 - ccEEJSSE001-Hstead.esm ()
08/30/2022 18:22:30 +02:00 [INF]  -   9 - ccBGSSSE016-Umbra.esm ()
08/30/2022 18:22:30 +02:00 [INF]  -   10 - ccBGSSSE031-AdvCyrus.esm ()
08/30/2022 18:22:30 +02:00 [INF]  -   11 - ccBGSSSE067-DaedInv.esm ()
08/30/2022 18:22:30 +02:00 [INF]  -   12 - ccBGSSSE025-AdvDSGS.esm ()
08/30/2022 18:22:30 +02:00 [INF]  -   13 - ccEEJSSE005-Cave.esm ()
08/30/2022 18:22:30 +02:00 [INF]  -   14 - ccAFDSSE001-DweSanctuary.esm ()
08/30/2022 18:22:30 +02:00 [INF]  -   15 - ccBGSSSE002-ExoticArrows.esl ()
08/30/2022 18:22:30 +02:00 [INF]  -   16 - ccBGSSSE003-Zombies.esl ()
08/30/2022 18:22:30 +02:00 [INF]  -   17 - ccBGSSSE004-RuinsEdge.esl ()
08/30/2022 18:22:30 +02:00 [INF]  -   18 - ccBGSSSE005-Goldbrand.esl ()
08/30/2022 18:22:30 +02:00 [INF]  -   19 - ccBGSSSE006-StendarsHammer.esl ()
08/30/2022 18:22:30 +02:00 [INF]  -   20 - ccBGSSSE007-Chrysamere.esl ()
08/30/2022 18:22:30 +02:00 [INF]  -   21 - ccBGSSSE010-PetDwarvenArmoredMudcrab.esl ()
08/30/2022 18:22:30 +02:00 [INF]  -   22 - ccBGSSSE011-HrsArmrElvn.esl ()
08/30/2022 18:22:30 +02:00 [INF]  -   23 - ccBGSSSE012-HrsArmrStl.esl ()
08/30/2022 18:22:30 +02:00 [INF]  -   24 - ccBGSSSE014-SpellPack01.esl ()
08/30/2022 18:22:30 +02:00 [INF]  -   25 - ccBGSSSE019-StaffofSheogorath.esl ()
08/30/2022 18:22:30 +02:00 [INF]  -   26 - ccBGSSSE020-GrayCowl.esl ()
08/30/2022 18:22:30 +02:00 [INF]  -   27 - ccBGSSSE021-LordsMail.esl ()
08/30/2022 18:22:30 +02:00 [INF]  -   28 - ccMTYSSE001-KnightsoftheNine.esl ()
08/30/2022 18:22:30 +02:00 [INF]  -   29 - ccQDRSSE001-SurvivalMode.esl ()
08/30/2022 18:22:30 +02:00 [INF]  -   30 - ccQDRSSE002-Firewood.esl ()
08/30/2022 18:22:30 +02:00 [INF]  -   31 - ccBGSSSE018-Shadowrend.esl ()
08/30/2022 18:22:30 +02:00 [INF]  -   32 - ccBGSSSE035-PetNHound.esl ()
08/30/2022 18:22:30 +02:00 [INF]  -   33 - ccFSVSSE001-Backpacks.esl ()
08/30/2022 18:22:30 +02:00 [INF]  -   34 - ccEEJSSE002-Tower.esl ()
08/30/2022 18:22:30 +02:00 [INF]  -   35 - ccEDHSSE001-NorJewel.esl ()
08/30/2022 18:22:30 +02:00 [INF]  -   36 - ccVSVSSE002-Pets.esl ()
08/30/2022 18:22:30 +02:00 [INF]  -   37 - ccBGSSSE037-Curios.esl ()
08/30/2022 18:22:30 +02:00 [INF]  -   38 - ccBGSSSE034-MntUni.esl ()
08/30/2022 18:22:30 +02:00 [INF]  -   39 - ccBGSSSE045-Hasedoki.esl ()
08/30/2022 18:22:30 +02:00 [INF]  -   40 - ccBGSSSE008-Wraithguard.esl ()
08/30/2022 18:22:30 +02:00 [INF]  -   41 - ccBGSSSE036-PetBWolf.esl ()
08/30/2022 18:22:30 +02:00 [INF]  -   42 - ccFFBSSE001-ImperialDragon.esl ()
08/30/2022 18:22:30 +02:00 [INF]  -   43 - ccMTYSSE002-VE.esl ()
08/30/2022 18:22:30 +02:00 [INF]  -   44 - ccBGSSSE043-CrossElv.esl ()
08/30/2022 18:22:30 +02:00 [INF]  -   45 - ccVSVSSE001-Winter.esl ()
08/30/2022 18:22:30 +02:00 [INF]  -   46 - ccEEJSSE003-Hollow.esl ()
08/30/2022 18:22:30 +02:00 [INF]  -   47 - ccBGSSSE038-BowofShadows.esl ()
08/30/2022 18:22:30 +02:00 [INF]  -   48 - ccBGSSSE040-AdvObGobs.esl ()
08/30/2022 18:22:30 +02:00 [INF]  -   49 - ccBGSSSE050-BA_Daedric.esl ()
08/30/2022 18:22:30 +02:00 [INF]  -   50 - ccBGSSSE052-BA_Iron.esl ()
08/30/2022 18:22:30 +02:00 [INF]  -   51 - ccBGSSSE054-BA_Orcish.esl ()
08/30/2022 18:22:30 +02:00 [INF]  -   52 - ccBGSSSE058-BA_Steel.esl ()
08/30/2022 18:22:30 +02:00 [INF]  -   53 - ccBGSSSE059-BA_Dragonplate.esl ()
08/30/2022 18:22:30 +02:00 [INF]  -   54 - ccBGSSSE061-BA_Dwarven.esl ()
08/30/2022 18:22:30 +02:00 [INF]  -   55 - ccPEWSSE002-ArmsOfChaos.esl ()
08/30/2022 18:22:30 +02:00 [INF]  -   56 - ccBGSSSE041-NetchLeather.esl ()
08/30/2022 18:22:30 +02:00 [INF]  -   57 - ccEDHSSE002-SplKntSet.esl ()
08/30/2022 18:22:30 +02:00 [INF]  -   58 - ccBGSSSE064-BA_Elven.esl ()
08/30/2022 18:22:30 +02:00 [INF]  -   59 - ccBGSSSE063-BA_Ebony.esl ()
08/30/2022 18:22:30 +02:00 [INF]  -   60 - ccBGSSSE062-BA_DwarvenMail.esl ()
08/30/2022 18:22:30 +02:00 [INF]  -   61 - ccBGSSSE060-BA_Dragonscale.esl ()
08/30/2022 18:22:30 +02:00 [INF]  -   62 - ccBGSSSE056-BA_Silver.esl ()
08/30/2022 18:22:30 +02:00 [INF]  -   63 - ccBGSSSE055-BA_OrcishScaled.esl ()
08/30/2022 18:22:30 +02:00 [INF]  -   64 - ccBGSSSE053-BA_Leather.esl ()
08/30/2022 18:22:30 +02:00 [INF]  -   65 - ccBGSSSE051-BA_DaedricMail.esl ()
08/30/2022 18:22:30 +02:00 [INF]  -   66 - ccBGSSSE057-BA_Stalhrim.esl ()
08/30/2022 18:22:30 +02:00 [INF]  -   67 - ccBGSSSE066-Staves.esl ()
08/30/2022 18:22:30 +02:00 [INF]  -   68 - ccBGSSSE068-Bloodfall.esl ()
08/30/2022 18:22:30 +02:00 [INF]  -   69 - ccBGSSSE069-Contest.esl ()
08/30/2022 18:22:30 +02:00 [INF]  -   70 - ccVSVSSE003-NecroArts.esl ()
08/30/2022 18:22:30 +02:00 [INF]  -   71 - ccVSVSSE004-BeAFarmer.esl ()
08/30/2022 18:22:30 +02:00 [INF]  -   72 - ccFFBSSE002-CrossbowPack.esl ()
08/30/2022 18:22:30 +02:00 [INF]  -   73 - ccBGSSSE013-Dawnfang.esl ()
08/30/2022 18:22:30 +02:00 [INF]  -   74 - ccRMSSSE001-NecroHouse.esl ()
08/30/2022 18:22:30 +02:00 [INF]  -   75 - ccEDHSSE003-Redguard.esl ()
08/30/2022 18:22:30 +02:00 [INF]  -   76 - ccEEJSSE004-Hall.esl ()
08/30/2022 18:22:30 +02:00 [INF]  -   77 - ccKRTSSE001_Altar.esl ()
08/30/2022 18:22:30 +02:00 [INF]  -   78 - ccCBHSSE001-Gaunt.esl ()
08/30/2022 18:22:30 +02:00 [INF]  -   79 - Skyrim Project Optimization - Full ESL Version.esm ()
08/30/2022 18:22:30 +02:00 [INF]  -   80 - Unofficial Skyrim Special Edition Patch.esp ()
08/30/2022 18:22:30 +02:00 [INF]  -   81 - Occ_Skyrim_Tamriel.esp ()
08/30/2022 18:22:30 +02:00 [INF]  -   82 - Occ_Skyrim_AnnEdition.esp ()
08/30/2022 18:22:30 +02:00 [INF]  -   83 - FISS.esp ()
08/30/2022 18:22:30 +02:00 [INF]  -   84 - AHZmoreHUDInventory.esl ()
08/30/2022 18:22:30 +02:00 [INF]  -   85 - sztkUtil.esp ()
08/30/2022 18:22:30 +02:00 [INF]  -   86 - SkyUI_SE.esp ()
08/30/2022 18:22:30 +02:00 [INF]  -   87 - MCMHelper.esp ()
08/30/2022 18:22:30 +02:00 [INF]  -   88 - Stats Editor MCM Menu.esp ()
08/30/2022 18:22:30 +02:00 [INF]  -   89 - RaceMenu.esp ()
08/30/2022 18:22:30 +02:00 [INF]  -   90 - RaceMenuPlugin.esp ()
08/30/2022 18:22:30 +02:00 [INF]  -   91 - LessIntrusiveHUD.esp ()
08/30/2022 18:22:30 +02:00 [INF]  -   92 - iHUD.esp ()
08/30/2022 18:22:30 +02:00 [INF]  -   93 - AHZmoreHUD.esp ()
08/30/2022 18:22:30 +02:00 [INF]  -   94 - UnreadBooksGlow.esp ()
08/30/2022 18:22:30 +02:00 [INF]  -   95 - Dual Wield Parrying_SKSE.esp ()
08/30/2022 18:22:30 +02:00 [INF]  -   96 - Apocalypse - Magic of Skyrim.esp ()
08/30/2022 18:22:30 +02:00 [INF]  -   97 - DeadlyDragons.esp ()
08/30/2022 18:22:30 +02:00 [INF]  -   98 - Deadly Dragons - Safezone CC Bittercup.esp ()
08/30/2022 18:22:30 +02:00 [INF]  -   99 - Deadly Dragons - Safezone CC Dead Man's Dread.esp ()
08/30/2022 18:22:30 +02:00 [INF]  -   100 - Deadly Dragons - Safezone CC The Cause.esp ()
08/30/2022 18:22:30 +02:00 [INF]  -   101 - Convenient Horses.esp ()
08/30/2022 18:22:30 +02:00 [INF]  -   102 - Convenient Horses Anniversary Edition Patch.esp ()
08/30/2022 18:22:30 +02:00 [INF]  -   103 - Alternate Start - Live Another Life.esp ()
08/30/2022 18:22:30 +02:00 [INF]  -   104 - AcquisitiveSoulGemMultithreaded.esp ()
08/30/2022 18:22:30 +02:00 [INF]  -   105 - Skyrim Immersive Creatures Special Edition.esp ()
08/30/2022 18:22:30 +02:00 [INF]  -   106 - Requiem.esp ()
08/30/2022 18:22:30 +02:00 [INF]  -   107 - Requiem - Restored Rewarding Sounds.esp ()
08/30/2022 18:22:30 +02:00 [INF]  -   108 - Requiem - No Overencumbered Messages.esp ()
08/30/2022 18:22:30 +02:00 [INF]  -   109 - Fozars_Dragonborn_-_Requiem_Patch.esp ()
08/30/2022 18:22:30 +02:00 [INF]  -   110 - Requiem - Fozars Dragonborn 5.2.0 Fixes.esp ()
08/30/2022 18:22:30 +02:00 [INF]  -   111 - FiE.esp ()
08/30/2022 18:22:30 +02:00 [INF]  -   112 - FiE - QuestsReward.esp ()
08/30/2022 18:22:30 +02:00 [INF]  -   113 - FiR - Races and Stones.esp ()
08/30/2022 18:22:30 +02:00 [INF]  -   114 - FiR - Equipment.esp ()
08/30/2022 18:22:30 +02:00 [INF]  -   115 - FiR - NPC Rebalance.esp ()
08/30/2022 18:22:30 +02:00 [INF]  -   116 - removestatsmenu.esp ()
08/30/2022 18:22:30 +02:00 [INF]  -   117 - UIExtensions.esp ()
08/30/2022 18:22:30 +02:00 [INF]  -   118 - Sky Born - Main.esp ()
08/30/2022 18:22:30 +02:00 [INF]  -   119 - Sky Born - Races and Stones.esp ()
08/30/2022 18:22:30 +02:00 [INF]  -   120 - Sky Born - Enchantments and Magic.esp ()
08/30/2022 18:22:30 +02:00 [INF]  -   121 - Sky Born - Armors and Weapons.esp ()
08/30/2022 18:22:30 +02:00 [INF]  -   122 - Sky Born - Artifacts.esp ()
08/30/2022 18:22:30 +02:00 [INF]  -   123 - Sky Born - Perks.esp ()
08/30/2022 18:22:30 +02:00 [INF]  -   124 - Sky Born - Loot and Trade.esp ()
08/30/2022 18:22:30 +02:00 [INF]  -   125 - Sky Born - Alchemy.esp ()
08/30/2022 18:22:30 +02:00 [INF]  -   126 - Sky Born - Other fixes.esp ()
08/30/2022 18:22:30 +02:00 [INF]  -   127 - Sky Born - NPC.esp ()
08/30/2022 18:22:30 +02:00 [INF]  - configuration folder: C:\Skyrim Anniversary Edition\data\Reqtificator\Config ()
08/30/2022 18:22:30 +02:00 [INF]  - loading Reqtificator config (priority 1) from 'C:\Skyrim Anniversary Edition\data\Reqtificator\Config\Requiem\Reqtificator.conf' ()
08/30/2022 18:22:30 +02:00 [INF]  - Reqtificator state: Ready to Patch... ()
08/30/2022 18:22:30 +02:00 [INF]  - Ready to patch: userConfig detected
UserSettings { VerboseLogging = False, MergeLeveledLists = True, MergeLeveledCharacters = True, OpenEncounterZones = True, ActorVisualAutoMerge = True, RaceVisualAutoMerge = True } ()
08/30/2022 18:22:33 +02:00 [INF]  - start patching ()
08/30/2022 18:22:33 +02:00 [INF]  - Reqtificator state: Patching...  ()
08/30/2022 18:22:33 +02:00 [INF]  - Reqtificator state: Patching... Ammo ()
08/30/2022 18:22:34 +02:00 [INF]  - Reqtificator state: Patching... Encounter Zones ()
08/30/2022 18:22:34 +02:00 [INF]  - Reqtificator state: Patching... Doors ()
08/30/2022 18:22:34 +02:00 [INF]  - Reqtificator state: Patching... Containers ()
08/30/2022 18:22:35 +02:00 [INF]  - Reqtificator state: Patching... Leveled Items ()
08/30/2022 18:22:35 +02:00 [INF]  - Reqtificator state: Patching... Leveled Characters ()
08/30/2022 18:22:35 +02:00 [INF]  - Reqtificator state: Patching... Armors ()
08/30/2022 18:22:37 +02:00 [INF]  - Reqtificator state: Patching... Weapons ()
08/30/2022 18:22:37 +02:00 [INF]  - Reqtificator state: Patching... Actors ()
08/30/2022 18:22:43 +02:00 [INF] 0524E5:Skyrim.esm - applying visual auto-merge: "Skyrim Immersive Creatures Special Edition.esp" (visual) & "FiR - NPC Rebalance.esp" (data) (EncSkeleton01AmbushMelee1H)
08/30/2022 18:22:46 +02:00 [INF] 0322B3:Dragonborn.esm - applying visual auto-merge: "Skyrim Immersive Creatures Special Edition.esp" (visual) & "Fozars_Dragonborn_-_Requiem_Patch.esp" (data) (DLC2SummonWerebear)
08/30/2022 18:23:22 +02:00 [INF]  - Reqtificator state: Patching... Races ()
08/30/2022 18:23:22 +02:00 [INF] 0131EB:Skyrim.esm - applying visual auto-merge: "FiR - NPC Rebalance.esp" (visual) & "Sky Born - Races and Stones.esp" (data) (ChaurusRace)
08/30/2022 18:23:22 +02:00 [INF] 013202:Skyrim.esm - applying visual auto-merge: "FiR - NPC Rebalance.esp" (visual) & "Sky Born - Races and Stones.esp" (data) (SabreCatSnowyRace)
08/30/2022 18:23:22 +02:00 [INF] 01320A:Skyrim.esm - applying visual auto-merge: "FiR - NPC Rebalance.esp" (visual) & "Sky Born - Races and Stones.esp" (data) (WolfRace)
08/30/2022 18:23:22 +02:00 [INF] 0E7713:Skyrim.esm - applying visual auto-merge: "FiR - NPC Rebalance.esp" (visual) & "Sky Born - Races and Stones.esp" (data) (AlduinRace)
08/30/2022 18:23:22 +02:00 [INF] 0F905F:Skyrim.esm - applying visual auto-merge: "FiR - NPC Rebalance.esp" (visual) & "Sky Born - Races and Stones.esp" (data) (MG07DogRace)
08/30/2022 18:23:22 +02:00 [INF] 003D02:Dawnguard.esm - applying visual auto-merge: "FiR - NPC Rebalance.esp" (visual) & "Sky Born - Races and Stones.esp" (data) (DLC1DeathHoundCompanionRace)
08/30/2022 18:23:22 +02:00 [INF] 01F98F:Dragonborn.esm - applying visual auto-merge: "FiR - NPC Rebalance.esp" (visual) & "Sky Born - Races and Stones.esp" (data) (dlc2SpectralDragonRace)
08/30/2022 18:23:22 +02:00 [INF] 01FEB8:Dragonborn.esm - applying visual auto-merge: "FiR - NPC Rebalance.esp" (visual) & "Sky Born - Races and Stones.esp" (data) (DLC2NetchRace)
08/30/2022 18:23:22 +02:00 [INF] 027483:Dragonborn.esm - applying visual auto-merge: "FiR - NPC Rebalance.esp" (visual) & "Sky Born - Races and Stones.esp" (data) (DLC2ExpSpiderPackmuleRace)
08/30/2022 18:23:22 +02:00 [INF]  - Reqtificator state: Patching... Actor Variations ()
08/30/2022 18:23:30 +02:00 [INF]  - adding patched records to output mod ()
08/30/2022 18:23:30 +02:00 [INF]  - Reqtificator state: Patching... Generating Patch ()
08/30/2022 18:24:02 +02:00 [INF]  - done patching, now exporting to disk ()
08/30/2022 18:24:02 +02:00 [INF]  - Reqtificator state: Patching... Saving Patch ()
08/30/2022 18:24:04 +02:00 [INF]  - done exporting ()
08/30/2022 18:24:04 +02:00 [INF]  - Reqtificator state: Patch Success! ()
08/30/2022 18:24:04 +02:00 [INF]  - Patching Result: SUCCESS ()
